#
# A fatal error has been detected by the Java Runtime Environment:
#
#  Internal Error (jvmciRuntime.cpp:1609), pid=22, tid=37
#  fatal error: Fatal exception in JVMCI: Error calling jdk.vm.ci.services.Services.serializeSavedProperties
#
# JRE version: OpenJDK Runtime Environment GraalVM CE 22.3.0 (17.0.5+8) (build 17.0.5+8-jvmci-22.3-b08)
# Java VM: OpenJDK 64-Bit Server VM GraalVM CE 22.3.0 (17.0.5+8-jvmci-22.3-b08, mixed mode, sharing, tiered, jvmci, jvmci compiler, compressed oops, compressed class ptrs, parallel gc, linux-amd64)
# Problematic frame:
# V  [libjvm.so+0x972714]  JVMCIRuntime::fatal_exception(JVMCIEnv*, char const*)+0x74
#
# Core dump will be written. Default location: Core dumps may be processed with "/usr/share/apport/apport -p%p -s%s -c%c -d%d -P%P -u%u -g%g -- %E" (or dumping to /home/runner/variables-prxisee/core.22)
#
# If you would like to submit a bug report, please visit:
#   https://github.com/oracle/graal/issues
#

---------------  S U M M A R Y ------------

Command Line: -XX:ThreadPriorityPolicy=1 -XX:+UnlockExperimentalVMOptions -XX:+EnableJVMCIProduct -XX:JVMCIThreadsPerNativeLibraryRuntime=1 -XX:-UnlockExperimentalVMOptions -Declipse.application=org.eclipse.jdt.ls.core.id1 -Dosgi.bundles.defaultStartLevel=4 -Declipse.product=org.eclipse.jdt.ls.core.product -Dlog.level=ALL -Xverify:none -XX:+UseParallelGC -XX:GCTimeRatio=4 -XX:AdaptiveSizePolicyWeight=90 -Dsun.zip.disableMemoryMapping=true -Xmx512m -Xms100m /nix/store/m6gcpi1ii6rghy04cjwjddcavv7i90df-jdt-language-server-1.9.0/share/java/plugins/org.eclipse.equinox.launcher_1.6.400.v20210924-0641.jar --add-modules=ALL-SYSTEM --add-opens java.base/java.util=ALL-UNNAMED --add-opens java.base/java.lang=ALL-UNNAMED -configuration /home/runner/.cache/jdt-language-server/config -data /home/runner/.cache/jdt-language-server/data/home/runner/variables-prxisee

Host: AMD EPYC 7B12, 8 cores, 1G, Ubuntu 20.04.2 LTS
Time: Tue Jun 20 23:10:52 2023 UTC elapsed time: 598.882731 seconds (0d 0h 9m 58s)

---------------  T H R E A D  ---------------

Current thread (0x00007f267c0b21e0):  JavaThread "JVMCI-native CompilerThread0" daemon [_thread_in_vm, id=37, stack(0x00007f266141a000,0x00007f266161a000)]


Current CompileTask:
JVMCI-native: 598882 8407       4       java.util.concurrent.locks.AbstractQueuedSynchronizer$ConditionObject::signal (34 bytes)

Stack: [0x00007f266141a000,0x00007f266161a000],  sp=0x00007f2661618380,  free space=2040k
Native frames: (J=compiled Java code, j=interpreted, Vv=VM code, C=native code)
V  [libjvm.so+0x972714]  JVMCIRuntime::fatal_exception(JVMCIEnv*, char const*)+0x74
V  [libjvm.so+0x93e2fe]  JVMCIEnv::copy_saved_properties()+0x14e
V  [libjvm.so+0x9732a9]  JVMCIRuntime::initialize(JVMCIEnv*)+0xb19
V  [libjvm.so+0x9738a2]  JVMCIRuntime::get_HotSpotJVMCIRuntime(JVMCIEnv*)+0x12
V  [libjvm.so+0x9749f2]  JVMCIRuntime::compile_method(JVMCIEnv*, JVMCICompiler*, methodHandle const&, int)+0xd2
V  [libjvm.so+0x5b0d20]  CompileBroker::invoke_compiler_on_method(CompileTask*)+0x1470
V  [libjvm.so+0x5b12e8]  CompileBroker::compiler_thread_loop()+0x528
V  [libjvm.so+0xd82460]  JavaThread::thread_main_inner()+0xd0
V  [libjvm.so+0xd85a40]  Thread::call_run()+0xc0
V  [libjvm.so+0xbdb1e1]  thread_native_entry(Thread*)+0xe1

Register to memory mapping:

RAX=0x00007f268116c000 points into unknown readable memory: 0x0000000000000058 | 58 00 00 00 00 00 00 00
RBX=0x00007f2682267398: <offset 0x0000000000ef5398> in /nix/store/gpxl5qgg8kicmcvivwmybwjlpf7wh20l-graalvm17-ce-22.3.0/lib/server/libjvm.so at 0x00007f2681372000
RCX=0x00007f268221f1e8: <offset 0x0000000000ead1e8> in /nix/store/gpxl5qgg8kicmcvivwmybwjlpf7wh20l-graalvm17-ce-22.3.0/lib/server/libjvm.so at 0x00007f2681372000
RDX=0x0000000000000649 is an unknown value
RSP=0x00007f2661618380 is pointing into the stack for thread: 0x00007f267c0b21e0
RBP=0x00007f26616183a0 is pointing into the stack for thread: 0x00007f267c0b21e0
RSI=0x00007f2682267c48: <offset 0x0000000000ef5c48> in /nix/store/gpxl5qgg8kicmcvivwmybwjlpf7wh20l-graalvm17-ce-22.3.0/lib/server/libjvm.so at 0x00007f2681372000
RDI=0x00000000e0000000 is an oop: [B 
{0x00000000e0000000} - klass: {type array byte}
 - length: 10
R8 =0x00007f2682267398: <offset 0x0000000000ef5398> in /nix/store/gpxl5qgg8kicmcvivwmybwjlpf7wh20l-graalvm17-ce-22.3.0/lib/server/libjvm.so at 0x00007f2681372000
R9 =0x00007f2661618330 is pointing into the stack for thread: 0x00007f267c0b21e0
R10=0x00007f2661619948 is pointing into the stack for thread: 0x00007f267c0b21e0
R11=0x0000000000000293 is an unknown value
R12=0x0 is NULL
R13=0x00007f267c0b21e0 is a thread
R14=0x00007f267c000b80 points into unknown readable memory: 0x00007f2682498a38 | 38 8a 49 82 26 7f 00 00
R15=0x00007f26825a6e40: <offset 0x0000000001234e40> in /nix/store/gpxl5qgg8kicmcvivwmybwjlpf7wh20l-graalvm17-ce-22.3.0/lib/server/libjvm.so at 0x00007f2681372000


Registers:
RAX=0x00007f268116c000, RBX=0x00007f2682267398, RCX=0x00007f268221f1e8, RDX=0x0000000000000649
RSP=0x00007f2661618380, RBP=0x00007f26616183a0, RSI=0x00007f2682267c48, RDI=0x00000000e0000000
R8 =0x00007f2682267398, R9 =0x00007f2661618330, R10=0x00007f2661619948, R11=0x0000000000000293
R12=0x0000000000000000, R13=0x00007f267c0b21e0, R14=0x00007f267c000b80, R15=0x00007f26825a6e40
RIP=0x00007f2681ce4714, EFLAGS=0x0000000000010206, CSGSFS=0x002b000000000033, ERR=0x0000000000000006
  TRAPNO=0x000000000000000e

Top of Stack: (sp=0x00007f2661618380)
0x00007f2661618380:   00007f2661618940 00007f267c0b21e0
0x00007f2661618390:   00007f2680afd8c8 0000000800c417a0
0x00007f26616183a0:   00007f2661618500 00007f2681cb02fe
0x00007f26616183b0:   00007f26616183e0 00007f2661618440 

Instructions: (pc=0x00007f2681ce4714)
0x00007f2681ce4614:   30 e8 f6 cf e8 ff 4c 89 e7 e8 2e 48 d1 ff 84 db
0x00007f2681ce4624:   75 2a 4d 85 ed 74 04 4d 8b 6d 00 48 83 c4 08 44
0x00007f2681ce4634:   89 f9 4c 89 f2 4c 89 ee 5b 4c 89 e7 41 5c 41 5d
0x00007f2681ce4644:   41 5e 41 5f 5d e9 e2 47 d1 ff 66 90 48 83 c4 08
0x00007f2681ce4654:   5b 41 5c 41 5d 41 5e 41 5f 5d c3 90 31 d2 be 08
0x00007f2681ce4664:   00 00 00 4c 89 ff e8 b1 78 a3 ff 49 89 c5 e9 37
0x00007f2681ce4674:   ff ff ff 66 0f 1f 84 00 00 00 00 00 48 8b 7a 08
0x00007f2681ce4684:   e9 6d ff ff ff 0f 1f 80 00 00 00 00 e8 5b 48 0a
0x00007f2681ce4694:   00 84 c0 75 89 e9 6a ff ff ff 66 90 55 48 89 e5
0x00007f2681ce46a4:   41 56 41 55 41 54 49 89 fc 53 48 89 f3 66 48 8d
0x00007f2681ce46b4:   3d 27 5e 85 00 66 66 48 e8 df 43 8d ff 4c 8b 28
0x00007f2681ce46c4:   8b 05 be 72 8a 00 85 c0 75 14 ba 01 00 00 00 48
0x00007f2681ce46d4:   8d 0d ae 72 8a 00 f0 0f b1 11 85 c0 74 4e be c8
0x00007f2681ce46e4:   00 00 00 4c 89 ef e8 01 0b 41 00 48 8d 05 12 ac
0x00007f2681ce46f4:   85 00 49 89 d8 48 8d 0d e8 aa 53 00 ba 49 06 00
0x00007f2681ce4704:   00 48 8d 35 3c 35 58 00 bf 00 00 00 e0 48 8b 00
0x00007f2681ce4714:   c6 00 58 31 c0 e8 e2 91 c6 ff 5b 41 5c 41 5d 41
0x00007f2681ce4724:   5e 5d e9 55 34 26 00 0f 1f 44 00 00 48 8d 05 81
0x00007f2681ce4734:   a3 8b 00 48 89 df 4c 8b 30 e8 9e 43 8d ff 48 89
0x00007f2681ce4744:   de 48 89 c2 49 8b 06 4c 89 f7 ff 50 08 4c 89 f7
0x00007f2681ce4754:   e8 a7 5c 27 00 4d 85 e4 74 12 be 01 00 00 00 4c
0x00007f2681ce4764:   89 e7 e8 35 43 fc ff eb 82 0f 1f 00 be 01 00 00
0x00007f2681ce4774:   00 4c 89 ef e8 d3 fd ff ff e9 6d ff ff ff 66 66
0x00007f2681ce4784:   2e 0f 1f 84 00 00 00 00 00 0f 1f 00 55 48 89 e5
0x00007f2681ce4794:   41 57 41 56 41 55 41 54 53 48 81 ec 08 02 00 00
0x00007f2681ce47a4:   64 48 8b 04 25 28 00 00 00 48 89 45 c8 8b 07 83
0x00007f2681ce47b4:   f8 02 0f 84 11 04 00 00 4c 8b 6f 18 49 89 ff 49
0x00007f2681ce47c4:   89 f4 4d 85 ed 74 14 4c 89 ef e8 5d 57 22 00 41
0x00007f2681ce47d4:   8b 07 83 f8 02 0f 84 19 04 00 00 48 8d 1d 9a 06
0x00007f2681ce47e4:   8a 00 4c 8d 35 0b 3c 58 00 eb 38 90 48 85 d2 7f
0x00007f2681ce47f4:   0d 48 8d 05 b4 c0 85 00 48 83 38 00 7e 0e 41 8b
0x00007f2681ce4804:   77 2c 4c 89 f7 31 c0 e8 a0 b2 f7 ff 49 8b 7f 18 


Stack slot to memory mapping:
stack at sp + 0 slots: 0x00007f2661618940 is pointing into the stack for thread: 0x00007f267c0b21e0
stack at sp + 1 slots: 0x00007f267c0b21e0 is a thread
stack at sp + 2 slots: 0x00007f2680afd8c8 points into unknown readable memory: 0x65730018052dffff | ff ff 2d 05 18 00 73 65
stack at sp + 3 slots: 0x0000000800c417a0 is a pointer to class: 
jdk.vm.ci.services.Services {0x0000000800c417a0}
 - instance size:     2
 - klass size:        65
 - access:            public final synchronized 
 - state:             fully_initialized
 - name:              'jdk/vm/ci/services/Services'
 - super:             'java/lang/Object'
 - sub:               
 - arrays:            NULL
 - methods:           Array<T>(0x00007f2661c43688)
 - method ordering:   Array<T>(0x0000000800928960)
 - default_methods:   Array<T>(0x0000000000000000)
 - local interfaces:  Array<T>(0x00000008005ce810)
 - trans. interfaces: Array<T>(0x00000008005ce810)
 - constants:         constant pool [427] {0x00007f2661c42768} for 'jdk/vm/ci/services/Services' cache=0x00007f2661c44958
 - class loader data:  loader data: 0x00007f267c0283f0 of 'bootstrap'
 - source file:       'Services.java'
 - class annotations:       Array<T>(0x0000000000000000)
 - class type annotations:  Array<T>(0x0000000000000000)
 - field annotations:       Array<T>(0x0000000000000000)
 - field type annotations:  Array<T>(0x0000000000000000)
 - inner classes:     Array<T>(0x00007f2661c44928)
 - nest members:     Array<T>(0x00007f2661c44948)
 - permitted subclasses:     Array<T>(0x00000008005ce7a0)
 - java mirror:       a 'java/lang/Class'{0x00000000e0147350} = 'jdk/vm/ci/services/Services'
 - vtable length      5  (start addr: 0x0000000800c41970)
 - itable length      2 (start addr: 0x0000000800c41998)
 - ---- static fields (3 words):
 - public static final 'IS_BUILDING_NATIVE_IMAGE' 'Z' @128 
 - public static final 'IS_IN_NATIVE_IMAGE' 'Z' @129 
 - private static volatile 'savedProperties' 'Ljava/util/Map;' @112 
 - static final 'JVMCI_ENABLED' 'Z' @130 
 - private static final 'servicesCache' 'Ljava/util/Map;' @116 
 - private static final 'MAX_UNICODE_IN_UTF8_LENGTH' 'I' @120 
 - private static final 'MAX_UTF8_PROPERTY_STRING_LENGTH' 'I' @124 
 - ---- non-static fields (0 words):
 - non-static oop maps: 
stack at sp + 4 slots: 0x00007f2661618500 is pointing into the stack for thread: 0x00007f267c0b21e0
stack at sp + 5 slots: 0x00007f2681cb02fe: <offset 0x000000000093e2fe> in /nix/store/gpxl5qgg8kicmcvivwmybwjlpf7wh20l-graalvm17-ce-22.3.0/lib/server/libjvm.so at 0x00007f2681372000
stack at sp + 6 slots: 0x00007f26616183e0 is pointing into the stack for thread: 0x00007f267c0b21e0
stack at sp + 7 slots: 0x00007f2661618440 is pointing into the stack for thread: 0x00007f267c0b21e0


---------------  P R O C E S S  ---------------

Threads class SMR info:
_java_thread_list=0x00007f25dc000b70, length=25, elements={
0x00007f267c026690, 0x00007f267c0a64d0, 0x00007f267c0a7910, 0x00007f267c0ae050,
0x00007f267c0af400, 0x00007f267c0b07f0, 0x00007f267c0b21e0, 0x00007f267c0b36f0,
0x00007f267c0b4b40, 0x00007f267c0d7b90, 0x00007f267c1203b0, 0x00007f267c35bfc0,
0x00007f267c38ed60, 0x00007f267c391620, 0x00007f267c3765e0, 0x00007f2610016d10,
0x00007f26102a02c0, 0x00007f261047e7a0, 0x00007f261060f0a0, 0x00007f267c401cf0,
0x00007f267c3c26d0, 0x00007f25ec001130, 0x00007f25e4000ff0, 0x00007f25e0035280,
0x00007f25e0034810
}

Java Threads: ( => current thread )
  0x00007f267c026690 JavaThread "main" [_thread_blocked, id=28, stack(0x00007f268118d000,0x00007f268128d000)]
  0x00007f267c0a64d0 JavaThread "Reference Handler" daemon [_thread_blocked, id=31, stack(0x00007f26801a4000,0x00007f26802a4000)]
  0x00007f267c0a7910 JavaThread "Finalizer" daemon [_thread_blocked, id=32, stack(0x00007f26800a4000,0x00007f26801a4000)]
  0x00007f267c0ae050 JavaThread "Signal Dispatcher" daemon [_thread_blocked, id=33, stack(0x00007f266181a000,0x00007f266191a000)]
  0x00007f267c0af400 JavaThread "Service Thread" daemon [_thread_blocked, id=34, stack(0x00007f266171a000,0x00007f266181a000)]
  0x00007f267c0b07f0 JavaThread "Monitor Deflation Thread" daemon [_thread_blocked, id=36, stack(0x00007f266161a000,0x00007f266171a000)]
=>0x00007f267c0b21e0 JavaThread "JVMCI-native CompilerThread0" daemon [_thread_in_vm, id=37, stack(0x00007f266141a000,0x00007f266161a000)]
  0x00007f267c0b36f0 JavaThread "C1 CompilerThread0" daemon [_thread_blocked, id=38, stack(0x00007f266121a000,0x00007f266141a000)]
  0x00007f267c0b4b40 JavaThread "Sweeper thread" daemon [_thread_blocked, id=39, stack(0x00007f266111a000,0x00007f266121a000)]
  0x00007f267c0d7b90 JavaThread "Common-Cleaner" daemon [_thread_blocked, id=45, stack(0x00007f266101a000,0x00007f266111a000)]
  0x00007f267c1203b0 JavaThread "Notification Thread" daemon [_thread_blocked, id=49, stack(0x00007f2660f1a000,0x00007f266101a000)]
  0x00007f267c35bfc0 JavaThread "Active Thread: Equinox Container: 08a2c16d-c06f-4ec9-828a-f0c6d29ccfc2" [_thread_blocked, id=61, stack(0x00007f2660c00000,0x00007f2660d00000)]
  0x00007f267c38ed60 JavaThread "Framework Event Dispatcher: Equinox Container: 08a2c16d-c06f-4ec9-828a-f0c6d29ccfc2" daemon [_thread_blocked, id=62, stack(0x00007f2660a00000,0x00007f2660b00000)]
  0x00007f267c391620 JavaThread "Start Level: Equinox Container: 08a2c16d-c06f-4ec9-828a-f0c6d29ccfc2" daemon [_thread_blocked, id=63, stack(0x00007f2660800000,0x00007f2660900000)]
  0x00007f267c3765e0 JavaThread "Refresh Thread: Equinox Container: 08a2c16d-c06f-4ec9-828a-f0c6d29ccfc2" daemon [_thread_blocked, id=64, stack(0x00007f2660600000,0x00007f2660700000)]
  0x00007f2610016d10 JavaThread "SCR Component Actor" daemon [_thread_blocked, id=65, stack(0x00007f2660400000,0x00007f2660500000)]
  0x00007f26102a02c0 JavaThread "Worker-JM" [_thread_blocked, id=75, stack(0x00007f2660100000,0x00007f2660200000)]
  0x00007f261047e7a0 JavaThread "Java indexing" daemon [_thread_blocked, id=78, stack(0x00007f2628700000,0x00007f2628800000)]
  0x00007f261060f0a0 JavaThread "Bundle File Closer" daemon [_thread_blocked, id=87, stack(0x00007f2628500000,0x00007f2628600000)]
  0x00007f267c401cf0 JavaThread "pool-3-thread-1" [_thread_blocked, id=89, stack(0x00007f2628300000,0x00007f2628400000)]
  0x00007f267c3c26d0 JavaThread "pool-2-thread-1" [_thread_blocked, id=91, stack(0x00007f2627f00000,0x00007f2628000000)]
  0x00007f25ec001130 JavaThread "Worker-3" [_thread_blocked, id=92, stack(0x00007f2627d00000,0x00007f2627e00000)]
  0x00007f25e4000ff0 JavaThread "Worker-4" [_thread_blocked, id=93, stack(0x00007f2627b00000,0x00007f2627c00000)]
  0x00007f25e0035280 JavaThread "Thread-5" [_thread_blocked, id=1173, stack(0x00007f2660000000,0x00007f2660100000)]
  0x00007f25e0034810 JavaThread "Thread-6" [_thread_blocked, id=1318, stack(0x00007f2660500000,0x00007f2660600000)]

Other Threads:
  0x00007f267c0a1c10 VMThread "VM Thread" [stack: 0x00007f26802a6000,0x00007f26803a6000] [id=30] _threads_hazard_ptr=0x00007f25dc000b70
  0x00007f267c121d50 WatcherThread [stack: 0x00007f2660e1a000,0x00007f2660f1a000] [id=50]
  0x00007f267c03df30 GCTaskThread "GC Thread#0" [stack: 0x00007f2680d50000,0x00007f2680e50000] [id=29]

Threads with active compile tasks:
JVMCI-native CompilerThread0   598959 8407       4       java.util.concurrent.locks.AbstractQueuedSynchronizer$ConditionObject::signal (34 bytes)

VM state: synchronizing (normal execution)

VM Mutex/Monitor currently owned by a thread:  ([mutex/lock_event])
[0x00007f267c023840] Threads_lock - owner thread: 0x00007f267c0a1c10
[0x00007f267c023ff0] Heap_lock - owner thread: 0x00007f25e0035280

OutOfMemory and StackOverflow Exception counts:
OutOfMemoryError java_heap_errors=3
LinkageErrors=66

Heap address: 0x00000000e0000000, size: 512 MB, Compressed Oops mode: 32-bit

CDS archive(s) mapped at: [0x0000000800000000-0x0000000800bc8000-0x0000000800bc8000), size 12353536, SharedBaseAddress: 0x0000000800000000, ArchiveRelocationMode: 0.
Compressed class space mapped at: 0x0000000800c00000-0x0000000840c00000, reserved size: 1073741824
Narrow klass base: 0x0000000800000000, Narrow klass shift: 0, Narrow klass range: 0x100000000

GC Precious Log:
 CPUs: 8 total, 1 available
 Memory: 1024M
 Large Page Support: Disabled
 NUMA Support: Disabled
 Compressed Oops: Enabled (32-bit)
 Alignments: Space 512K, Generation 512K, Heap 2M
 Heap Min Capacity: 100M
 Heap Initial Capacity: 100M
 Heap Max Capacity: 512M
 Pre-touch: Disabled
 Parallel Workers: 1

Heap:
 PSYoungGen      total 65536K, used 28672K [0x00000000f5580000, 0x00000000fba80000, 0x0000000100000000)
  eden space 28672K, 100% used [0x00000000f5580000,0x00000000f7180000,0x00000000f7180000)
  from space 36864K, 0% used [0x00000000f7180000,0x00000000f7180000,0x00000000f9580000)
  to   space 18432K, 0% used [0x00000000f9580000,0x00000000f9580000,0x00000000fa780000)
 ParOldGen       total 349696K, used 349696K [0x00000000e0000000, 0x00000000f5580000, 0x00000000f5580000)
  object space 349696K, 100% used [0x00000000e0000000,0x00000000f5580000,0x00000000f5580000)
 Metaspace       used 59040K, committed 60224K, reserved 1105920K
  class space    used 5876K, committed 6336K, reserved 1048576K

Card table byte_map: [0x00007f2680e50000,0x00007f2680f51000] _byte_map_base: 0x00007f2680750000

Marking Bits: (ParMarkBitMap*) 0x00007f26825a04c0
 Begin Bits: [0x00007f26624b3000, 0x00007f2662cb3000)
 End Bits:   [0x00007f2662cb3000, 0x00007f26634b3000)

Polling page: 0x00007f268116a000

Metaspace:

Usage:
  Non-class:     51.92 MB used.
      Class:      5.74 MB used.
       Both:     57.66 MB used.

Virtual space:
  Non-class space:       56.00 MB reserved,      52.62 MB ( 94%) committed,  7 nodes.
      Class space:        1.00 GB reserved,       6.19 MB ( <1%) committed,  1 nodes.
             Both:        1.05 GB reserved,      58.81 MB (  5%) committed. 

Chunk freelists:
   Non-Class:  2.85 MB
       Class:  1.92 MB
        Both:  4.77 MB

MaxMetaspaceSize: unlimited
CompressedClassSpaceSize: 1.00 GB
Initial GC threshold: 21.00 MB
Current GC threshold: 97.81 MB
CDS: on
MetaspaceReclaimPolicy: balanced
 - commit_granule_bytes: 65536.
 - commit_granule_words: 8192.
 - virtual_space_node_default_size: 1048576.
 - enlarge_chunks_in_place: 1.
 - new_chunks_are_fully_committed: 0.
 - uncommit_free_chunks: 1.
 - use_allocation_guard: 0.
 - handle_deallocations: 1.


Internal statistics:

num_allocs_failed_limit: 6.
num_arena_births: 494.
num_arena_deaths: 148.
num_vsnodes_births: 8.
num_vsnodes_deaths: 0.
num_space_committed: 940.
num_space_uncommitted: 0.
num_chunks_returned_to_freelist: 209.
num_chunks_taken_from_freelist: 2771.
num_chunk_merges: 83.
num_chunk_splits: 1812.
num_chunks_enlarged: 1169.
num_purges: 2.
num_inconsistent_stats: 0.

CodeHeap 'non-profiled nmethods': size=120036Kb used=2648Kb max_used=2737Kb free=117387Kb
 bounds [0x00007f266af7a000, 0x00007f266b22a000, 0x00007f26724b3000]
CodeHeap 'profiled nmethods': size=120032Kb used=13813Kb max_used=15197Kb free=106219Kb
 bounds [0x00007f2663a42000, 0x00007f2664922000, 0x00007f266af7a000]
CodeHeap 'non-nmethods': size=5692Kb used=1386Kb max_used=1410Kb free=4305Kb
 bounds [0x00007f26634b3000, 0x00007f2663723000, 0x00007f2663a42000]
 total_blobs=7447 nmethods=6724 adapters=629
 compilation: enabled
              stopped_count=0, restarted_count=0
 full_count=0

JVMCI Events (20 events):
Event: 452.986 Thread 0x00007f267c0b21e0 destroyed JavaVM[3]@0x00007f262759e340 for JVMCI runtime 0
Event: 452.986 Thread 0x00007f267c0b21e0 compacted oop handles in JVMCI runtime 0 from 53 to 53
Event: 452.986 Thread 0x00007f267c0b21e0 releasing handles for JVMCI runtime 0: oop handles=53, metadata handles={total=96, live=87, blocks=35}
Event: 452.986 Thread 0x00007f267c0b21e0 detached from JVMCI runtime 0
Event: 455.691 Thread 0x00007f267c0b21e0 attached to JVMCI runtime 0
Event: 455.692 Thread 0x00007f267c0b21e0 created JavaVM[4]@0x00007f262759e340 for JVMCI runtime 0
Event: 455.692 Thread 0x00007f267c0b21e0 initializing JVMCI runtime 0
Event: 455.692 Thread 0x00007f267c0b21e0 done waiting for JavaVM references initialization in JVMCI runtime 0
Event: 520.857 Thread 0x00007f267c0b21e0 initialized JVMCI runtime 0
Event: 530.685 Thread 0x00007f267c0b21e0 detaching from JVMCI runtime 0: releasing idle compiler thread (0 other threads still attached)
Event: 530.685 Thread 0x00007f267c0b21e0 shutting down HotSpotJVMCIRuntime for JVMCI runtime 0
Event: 530.685 Thread 0x00007f267c0b21e0 shut down JVMCI runtime 0
Event: 531.881 Thread 0x00007f267c0b21e0 destroyed JavaVM[4]@0x00007f262759e340 for JVMCI runtime 0
Event: 531.881 Thread 0x00007f267c0b21e0 compacted oop handles in JVMCI runtime 0 from 49 to 49
Event: 531.881 Thread 0x00007f267c0b21e0 releasing handles for JVMCI runtime 0: oop handles=49, metadata handles={total=96, live=85, blocks=35}
Event: 531.881 Thread 0x00007f267c0b21e0 detached from JVMCI runtime 0
Event: 568.157 Thread 0x00007f267c0b21e0 attached to JVMCI runtime 0
Event: 568.158 Thread 0x00007f267c0b21e0 created JavaVM[5]@0x00007f262759e340 for JVMCI runtime 0
Event: 570.392 Thread 0x00007f267c0b21e0 initializing JVMCI runtime 0
Event: 570.392 Thread 0x00007f267c0b21e0 done waiting for JavaVM references initialization in JVMCI runtime 0

Compilation events (20 events):
Event: 434.951 Thread 0x00007f267c0b36f0 8400       3       java.net.URI$Parser::scan (76 bytes)
Event: 436.160 Thread 0x00007f267c0b36f0 nmethod 8400 0x00007f2664085a90 code [0x00007f2664085cc0, 0x00007f2664086590]
Event: 444.955 Thread 0x00007f267c0b21e0 nmethod 8391 0x00007f266af9c590 code [0x00007f266af9c740, 0x00007f266af9cc00]
Event: 444.955 Thread 0x00007f267c0b36f0 8401       3       org.eclipse.core.internal.dtree.DeltaDataTree::lookup (158 bytes)
Event: 444.957 Thread 0x00007f267c0b36f0 nmethod 8401 0x00007f2663ad5290 code [0x00007f2663ad5520, 0x00007f2663ad69f0]
Event: 450.238 Thread 0x00007f267c0b21e0 8402       4       java.util.ArrayList$SubList$1::hasNext (20 bytes)
Event: 451.579 Thread 0x00007f267c0b21e0 nmethod 8402 0x00007f266b0a7190 code [0x00007f266b0a7300, 0x00007f266b0a7388]
Event: 452.988 Thread 0x00007f267c0b36f0 8403       3       java.util.concurrent.locks.ReentrantLock$NonfairSync::initialTryLock (58 bytes)
Event: 452.989 Thread 0x00007f267c0b36f0 nmethod 8403 0x00007f2663d0e190 code [0x00007f2663d0e360, 0x00007f2663d0e710]
Event: 455.691 Thread 0x00007f267c0b21e0 8404       4       org.eclipse.jdt.internal.core.ClasspathAttribute::hashCode (18 bytes)
Event: 528.311 Thread 0x00007f267c0b21e0 nmethod 8404 0x00007f266b075690 code [0x00007f266b075820, 0x00007f266b075e68]
Event: 528.312 Thread 0x00007f267c0b21e0 8406 %     4       java.lang.StringCoding::implEncodeAsciiArray @ 3 (47 bytes)
Event: 529.393 Thread 0x00007f267c0b21e0 nmethod 8406% 0x00007f266afae110 code [0x00007f266afae2a0, 0x00007f266afae5f8]
Event: 529.393 Thread 0x00007f267c0b21e0 8405       4       java.util.Hashtable$Enumerator::nextElement (111 bytes)
Event: 529.395 Thread 0x00007f267c0b21e0 nmethod 8405 0x00007f266b0a6e10 code [0x00007f266b0a6f80, 0x00007f266b0a7050]
Event: 568.157 Thread 0x00007f267c0b21e0 8407       4       java.util.concurrent.locks.AbstractQueuedSynchronizer$ConditionObject::signal (34 bytes)
Event: 577.082 Thread 0x00007f267c0b36f0 8408       3       org.eclipse.jdt.internal.compiler.lookup.Scope::compilerOptions (11 bytes)
Event: 579.355 Thread 0x00007f267c0b36f0 nmethod 8408 0x00007f2663cdef90 code [0x00007f2663cdf120, 0x00007f2663cdf250]
Event: 586.365 Thread 0x00007f267c0b36f0 8410       3       java.util.stream.ReferencePipeline::makeNodeBuilder (6 bytes)
Event: 587.390 Thread 0x00007f267c0b36f0 nmethod 8410 0x00007f2663d71a10 code [0x00007f2663d71bc0, 0x00007f2663d71d00]

GC Heap History (20 events):
Event: 587.390 GC heap before
{Heap before GC invocations=530 (full 424):
 PSYoungGen      total 65536K, used 28672K [0x00000000f5580000, 0x00000000fba80000, 0x0000000100000000)
  eden space 28672K, 100% used [0x00000000f5580000,0x00000000f7180000,0x00000000f7180000)
  from space 36864K, 0% used [0x00000000f7180000,0x00000000f7180000,0x00000000f9580000)
  to   space 18432K, 0% used [0x00000000f9580000,0x00000000f9580000,0x00000000fa780000)
 ParOldGen       total 349696K, used 349691K [0x00000000e0000000, 0x00000000f5580000, 0x00000000f5580000)
  object space 349696K, 99% used [0x00000000e0000000,0x00000000f557ee70,0x00000000f5580000)
 Metaspace       used 59040K, committed 60224K, reserved 1105920K
  class space    used 5876K, committed 6336K, reserved 1048576K
}
Event: 588.585 GC heap after
{Heap after GC invocations=530 (full 424):
 PSYoungGen      total 47104K, used 28672K [0x00000000f5580000, 0x00000000fba80000, 0x0000000100000000)
  eden space 28672K, 100% used [0x00000000f5580000,0x00000000f7180000,0x00000000f7180000)
  from space 18432K, 0% used [0x00000000f9580000,0x00000000f9580000,0x00000000fa780000)
  to   space 36864K, 0% used [0x00000000f7180000,0x00000000f7180000,0x00000000f9580000)
 ParOldGen       total 349696K, used 349691K [0x00000000e0000000, 0x00000000f5580000, 0x00000000f5580000)
  object space 349696K, 99% used [0x00000000e0000000,0x00000000f557ee50,0x00000000f5580000)
 Metaspace       used 59040K, committed 60224K, reserved 1105920K
  class space    used 5876K, committed 6336K, reserved 1048576K
}
Event: 588.585 GC heap before
{Heap before GC invocations=531 (full 425):
 PSYoungGen      total 47104K, used 28672K [0x00000000f5580000, 0x00000000fba80000, 0x0000000100000000)
  eden space 28672K, 100% used [0x00000000f5580000,0x00000000f7180000,0x00000000f7180000)
  from space 18432K, 0% used [0x00000000f9580000,0x00000000f9580000,0x00000000fa780000)
  to   space 36864K, 0% used [0x00000000f7180000,0x00000000f7180000,0x00000000f9580000)
 ParOldGen       total 349696K, used 349695K [0x00000000e0000000, 0x00000000f5580000, 0x00000000f5580000)
  object space 349696K, 99% used [0x00000000e0000000,0x00000000f557fd70,0x00000000f5580000)
 Metaspace       used 59040K, committed 60224K, reserved 1105920K
  class space    used 5876K, committed 6336K, reserved 1048576K
}
Event: 589.672 GC heap after
{Heap after GC invocations=531 (full 425):
 PSYoungGen      total 65536K, used 28672K [0x00000000f5580000, 0x00000000fba80000, 0x0000000100000000)
  eden space 28672K, 100% used [0x00000000f5580000,0x00000000f7180000,0x00000000f7180000)
  from space 36864K, 0% used [0x00000000f7180000,0x00000000f7180000,0x00000000f9580000)
  to   space 18432K, 0% used [0x00000000f9580000,0x00000000f9580000,0x00000000fa780000)
 ParOldGen       total 349696K, used 349694K [0x00000000e0000000, 0x00000000f5580000, 0x00000000f5580000)
  object space 349696K, 99% used [0x00000000e0000000,0x00000000f557fbb8,0x00000000f5580000)
 Metaspace       used 59040K, committed 60224K, reserved 1105920K
  class space    used 5876K, committed 6336K, reserved 1048576K
}
Event: 589.672 GC heap before
{Heap before GC invocations=532 (full 426):
 PSYoungGen      total 65536K, used 28672K [0x00000000f5580000, 0x00000000fba80000, 0x0000000100000000)
  eden space 28672K, 100% used [0x00000000f5580000,0x00000000f7180000,0x00000000f7180000)
  from space 36864K, 0% used [0x00000000f7180000,0x00000000f7180000,0x00000000f9580000)
  to   space 18432K, 0% used [0x00000000f9580000,0x00000000f9580000,0x00000000fa780000)
 ParOldGen       total 349696K, used 349696K [0x00000000e0000000, 0x00000000f5580000, 0x00000000f5580000)
  object space 349696K, 100% used [0x00000000e0000000,0x00000000f5580000,0x00000000f5580000)
 Metaspace       used 59040K, committed 60224K, reserved 1105920K
  class space    used 5876K, committed 6336K, reserved 1048576K
}
Event: 590.789 GC heap after
{Heap after GC invocations=532 (full 426):
 PSYoungGen      total 47104K, used 28672K [0x00000000f5580000, 0x00000000fba80000, 0x0000000100000000)
  eden space 28672K, 100% used [0x00000000f5580000,0x00000000f7180000,0x00000000f7180000)
  from space 18432K, 0% used [0x00000000f9580000,0x00000000f9580000,0x00000000fa780000)
  to   space 36864K, 0% used [0x00000000f7180000,0x00000000f7180000,0x00000000f9580000)
 ParOldGen       total 349696K, used 349695K [0x00000000e0000000, 0x00000000f5580000, 0x00000000f5580000)
  object space 349696K, 99% used [0x00000000e0000000,0x00000000f557fda8,0x00000000f5580000)
 Metaspace       used 59040K, committed 60224K, reserved 1105920K
  class space    used 5876K, committed 6336K, reserved 1048576K
}
Event: 590.789 GC heap before
{Heap before GC invocations=533 (full 427):
 PSYoungGen      total 47104K, used 28672K [0x00000000f5580000, 0x00000000fba80000, 0x0000000100000000)
  eden space 28672K, 100% used [0x00000000f5580000,0x00000000f7180000,0x00000000f7180000)
  from space 18432K, 0% used [0x00000000f9580000,0x00000000f9580000,0x00000000fa780000)
  to   space 36864K, 0% used [0x00000000f7180000,0x00000000f7180000,0x00000000f9580000)
 ParOldGen       total 349696K, used 349695K [0x00000000e0000000, 0x00000000f5580000, 0x00000000f5580000)
  object space 349696K, 99% used [0x00000000e0000000,0x00000000f557fed8,0x00000000f5580000)
 Metaspace       used 59040K, committed 60224K, reserved 1105920K
  class space    used 5876K, committed 6336K, reserved 1048576K
}
Event: 591.891 GC heap after
{Heap after GC invocations=533 (full 427):
 PSYoungGen      total 65536K, used 28671K [0x00000000f5580000, 0x00000000fba80000, 0x0000000100000000)
  eden space 28672K, 99% used [0x00000000f5580000,0x00000000f717ffe8,0x00000000f7180000)
  from space 36864K, 0% used [0x00000000f7180000,0x00000000f7180000,0x00000000f9580000)
  to   space 18432K, 0% used [0x00000000f9580000,0x00000000f9580000,0x00000000fa780000)
 ParOldGen       total 349696K, used 349695K [0x00000000e0000000, 0x00000000f5580000, 0x00000000f5580000)
  object space 349696K, 99% used [0x00000000e0000000,0x00000000f557fdc0,0x00000000f5580000)
 Metaspace       used 59040K, committed 60224K, reserved 1105920K
  class space    used 5876K, committed 6336K, reserved 1048576K
}
Event: 591.892 GC heap before
{Heap before GC invocations=534 (full 428):
 PSYoungGen      total 65536K, used 28672K [0x00000000f5580000, 0x00000000fba80000, 0x0000000100000000)
  eden space 28672K, 100% used [0x00000000f5580000,0x00000000f7180000,0x00000000f7180000)
  from space 36864K, 0% used [0x00000000f7180000,0x00000000f7180000,0x00000000f9580000)
  to   space 18432K, 0% used [0x00000000f9580000,0x00000000f9580000,0x00000000fa780000)
 ParOldGen       total 349696K, used 349695K [0x00000000e0000000, 0x00000000f5580000, 0x00000000f5580000)
  object space 349696K, 99% used [0x00000000e0000000,0x00000000f557fdc0,0x00000000f5580000)
 Metaspace       used 59040K, committed 60224K, reserved 1105920K
  class space    used 5876K, committed 6336K, reserved 1048576K
}
Event: 592.994 GC heap after
{Heap after GC invocations=534 (full 428):
 PSYoungGen      total 47104K, used 28672K [0x00000000f5580000, 0x00000000fba80000, 0x0000000100000000)
  eden space 28672K, 100% used [0x00000000f5580000,0x00000000f7180000,0x00000000f7180000)
  from space 18432K, 0% used [0x00000000f9580000,0x00000000f9580000,0x00000000fa780000)
  to   space 36864K, 0% used [0x00000000f7180000,0x00000000f7180000,0x00000000f9580000)
 ParOldGen       total 349696K, used 349695K [0x00000000e0000000, 0x00000000f5580000, 0x00000000f5580000)
  object space 349696K, 99% used [0x00000000e0000000,0x00000000f557fdc0,0x00000000f5580000)
 Metaspace       used 59040K, committed 60224K, reserved 1105920K
  class space    used 5876K, committed 6336K, reserved 1048576K
}
Event: 592.994 GC heap before
{Heap before GC invocations=535 (full 429):
 PSYoungGen      total 47104K, used 28672K [0x00000000f5580000, 0x00000000fba80000, 0x0000000100000000)
  eden space 28672K, 100% used [0x00000000f5580000,0x00000000f7180000,0x00000000f7180000)
  from space 18432K, 0% used [0x00000000f9580000,0x00000000f9580000,0x00000000fa780000)
  to   space 36864K, 0% used [0x00000000f7180000,0x00000000f7180000,0x00000000f9580000)
 ParOldGen       total 349696K, used 349696K [0x00000000e0000000, 0x00000000f5580000, 0x00000000f5580000)
  object space 349696K, 100% used [0x00000000e0000000,0x00000000f5580000,0x00000000f5580000)
 Metaspace       used 59040K, committed 60224K, reserved 1105920K
  class space    used 5876K, committed 6336K, reserved 1048576K
}
Event: 594.080 GC heap after
{Heap after GC invocations=535 (full 429):
 PSYoungGen      total 65536K, used 28671K [0x00000000f5580000, 0x00000000fba80000, 0x0000000100000000)
  eden space 28672K, 99% used [0x00000000f5580000,0x00000000f717ffe8,0x00000000f7180000)
  from space 36864K, 0% used [0x00000000f7180000,0x00000000f7180000,0x00000000f9580000)
  to   space 18432K, 0% used [0x00000000f9580000,0x00000000f9580000,0x00000000fa780000)
 ParOldGen       total 349696K, used 349695K [0x00000000e0000000, 0x00000000f5580000, 0x00000000f5580000)
  object space 349696K, 99% used [0x00000000e0000000,0x00000000f557ff70,0x00000000f5580000)
 Metaspace       used 59040K, committed 60224K, reserved 1105920K
  class space    used 5876K, committed 6336K, reserved 1048576K
}
Event: 594.080 GC heap before
{Heap before GC invocations=536 (full 430):
 PSYoungGen      total 65536K, used 28671K [0x00000000f5580000, 0x00000000fba80000, 0x0000000100000000)
  eden space 28672K, 99% used [0x00000000f5580000,0x00000000f717fff8,0x00000000f7180000)
  from space 36864K, 0% used [0x00000000f7180000,0x00000000f7180000,0x00000000f9580000)
  to   space 18432K, 0% used [0x00000000f9580000,0x00000000f9580000,0x00000000fa780000)
 ParOldGen       total 349696K, used 349695K [0x00000000e0000000, 0x00000000f5580000, 0x00000000f5580000)
  object space 349696K, 99% used [0x00000000e0000000,0x00000000f557ff70,0x00000000f5580000)
 Metaspace       used 59040K, committed 60224K, reserved 1105920K
  class space    used 5876K, committed 6336K, reserved 1048576K
}
Event: 595.381 GC heap after
{Heap after GC invocations=536 (full 430):
 PSYoungGen      total 47104K, used 28671K [0x00000000f5580000, 0x00000000fba80000, 0x0000000100000000)
  eden space 28672K, 99% used [0x00000000f5580000,0x00000000f717ffe8,0x00000000f7180000)
  from space 18432K, 0% used [0x00000000f9580000,0x00000000f9580000,0x00000000fa780000)
  to   space 36864K, 0% used [0x00000000f7180000,0x00000000f7180000,0x00000000f9580000)
 ParOldGen       total 349696K, used 349695K [0x00000000e0000000, 0x00000000f5580000, 0x00000000f5580000)
  object space 349696K, 99% used [0x00000000e0000000,0x00000000f557ff70,0x00000000f5580000)
 Metaspace       used 59040K, committed 60224K, reserved 1105920K
  class space    used 5876K, committed 6336K, reserved 1048576K
}
Event: 595.381 GC heap before
{Heap before GC invocations=537 (full 431):
 PSYoungGen      total 47104K, used 28671K [0x00000000f5580000, 0x00000000fba80000, 0x0000000100000000)
  eden space 28672K, 99% used [0x00000000f5580000,0x00000000f717fff8,0x00000000f7180000)
  from space 18432K, 0% used [0x00000000f9580000,0x00000000f9580000,0x00000000fa780000)
  to   space 36864K, 0% used [0x00000000f7180000,0x00000000f7180000,0x00000000f9580000)
 ParOldGen       total 349696K, used 349695K [0x00000000e0000000, 0x00000000f5580000, 0x00000000f5580000)
  object space 349696K, 99% used [0x00000000e0000000,0x00000000f557ff70,0x00000000f5580000)
 Metaspace       used 59040K, committed 60224K, reserved 1105920K
  class space    used 5876K, committed 6336K, reserved 1048576K
}
Event: 596.554 GC heap after
{Heap after GC invocations=537 (full 431):
 PSYoungGen      total 65536K, used 28671K [0x00000000f5580000, 0x00000000fba80000, 0x0000000100000000)
  eden space 28672K, 99% used [0x00000000f5580000,0x00000000f717ffe8,0x00000000f7180000)
  from space 36864K, 0% used [0x00000000f7180000,0x00000000f7180000,0x00000000f9580000)
  to   space 18432K, 0% used [0x00000000f9580000,0x00000000f9580000,0x00000000fa780000)
 ParOldGen       total 349696K, used 349695K [0x00000000e0000000, 0x00000000f5580000, 0x00000000f5580000)
  object space 349696K, 99% used [0x00000000e0000000,0x00000000f557ff70,0x00000000f5580000)
 Metaspace       used 59040K, committed 60224K, reserved 1105920K
  class space    used 5876K, committed 6336K, reserved 1048576K
}
Event: 596.554 GC heap before
{Heap before GC invocations=538 (full 432):
 PSYoungGen      total 65536K, used 28671K [0x00000000f5580000, 0x00000000fba80000, 0x0000000100000000)
  eden space 28672K, 99% used [0x00000000f5580000,0x00000000f717fff8,0x00000000f7180000)
  from space 36864K, 0% used [0x00000000f7180000,0x00000000f7180000,0x00000000f9580000)
  to   space 18432K, 0% used [0x00000000f9580000,0x00000000f9580000,0x00000000fa780000)
 ParOldGen       total 349696K, used 349695K [0x00000000e0000000, 0x00000000f5580000, 0x00000000f5580000)
  object space 349696K, 99% used [0x00000000e0000000,0x00000000f557ff70,0x00000000f5580000)
 Metaspace       used 59040K, committed 60224K, reserved 1105920K
  class space    used 5876K, committed 6336K, reserved 1048576K
}
Event: 597.781 GC heap after
{Heap after GC invocations=538 (full 432):
 PSYoungGen      total 47104K, used 28671K [0x00000000f5580000, 0x00000000fba80000, 0x0000000100000000)
  eden space 28672K, 99% used [0x00000000f5580000,0x00000000f717ffe8,0x00000000f7180000)
  from space 18432K, 0% used [0x00000000f9580000,0x00000000f9580000,0x00000000fa780000)
  to   space 36864K, 0% used [0x00000000f7180000,0x00000000f7180000,0x00000000f9580000)
 ParOldGen       total 349696K, used 349695K [0x00000000e0000000, 0x00000000f5580000, 0x00000000f5580000)
  object space 349696K, 99% used [0x00000000e0000000,0x00000000f557ff70,0x00000000f5580000)
 Metaspace       used 59040K, committed 60224K, reserved 1105920K
  class space    used 5876K, committed 6336K, reserved 1048576K
}
Event: 597.781 GC heap before
{Heap before GC invocations=539 (full 433):
 PSYoungGen      total 47104K, used 28671K [0x00000000f5580000, 0x00000000fba80000, 0x0000000100000000)
  eden space 28672K, 99% used [0x00000000f5580000,0x00000000f717ffe8,0x00000000f7180000)
  from space 18432K, 0% used [0x00000000f9580000,0x00000000f9580000,0x00000000fa780000)
  to   space 36864K, 0% used [0x00000000f7180000,0x00000000f7180000,0x00000000f9580000)
 ParOldGen       total 349696K, used 349695K [0x00000000e0000000, 0x00000000f5580000, 0x00000000f5580000)
  object space 349696K, 99% used [0x00000000e0000000,0x00000000f557ff70,0x00000000f5580000)
 Metaspace       used 59040K, committed 60224K, reserved 1105920K
  class space    used 5876K, committed 6336K, reserved 1048576K
}
Event: 598.858 GC heap after
{Heap after GC invocations=539 (full 433):
 PSYoungGen      total 65536K, used 28671K [0x00000000f5580000, 0x00000000fba80000, 0x0000000100000000)
  eden space 28672K, 99% used [0x00000000f5580000,0x00000000f717ffe8,0x00000000f7180000)
  from space 36864K, 0% used [0x00000000f7180000,0x00000000f7180000,0x00000000f9580000)
  to   space 18432K, 0% used [0x00000000f9580000,0x00000000f9580000,0x00000000fa780000)
 ParOldGen       total 349696K, used 349695K [0x00000000e0000000, 0x00000000f5580000, 0x00000000f5580000)
  object space 349696K, 99% used [0x00000000e0000000,0x00000000f557ff70,0x00000000f5580000)
 Metaspace       used 59040K, committed 60224K, reserved 1105920K
  class space    used 5876K, committed 6336K, reserved 1048576K
}

Dll operation events (9 events):
Event: 0.002 Loaded shared library /nix/store/gpxl5qgg8kicmcvivwmybwjlpf7wh20l-graalvm17-ce-22.3.0/lib/libjava.so
Event: 0.007 Loaded shared library /nix/store/gpxl5qgg8kicmcvivwmybwjlpf7wh20l-graalvm17-ce-22.3.0/lib/libjsvml.so
Event: 0.271 Loaded shared library /nix/store/gpxl5qgg8kicmcvivwmybwjlpf7wh20l-graalvm17-ce-22.3.0/lib/libnio.so
Event: 0.275 Loaded shared library /nix/store/gpxl5qgg8kicmcvivwmybwjlpf7wh20l-graalvm17-ce-22.3.0/lib/libzip.so
Event: 0.280 Loaded shared library /nix/store/gpxl5qgg8kicmcvivwmybwjlpf7wh20l-graalvm17-ce-22.3.0/lib/libjvmcicompiler.so
Event: 0.664 Loaded shared library /nix/store/gpxl5qgg8kicmcvivwmybwjlpf7wh20l-graalvm17-ce-22.3.0/lib/libjimage.so
Event: 1.178 Loaded shared library /nix/store/gpxl5qgg8kicmcvivwmybwjlpf7wh20l-graalvm17-ce-22.3.0/lib/libnet.so
Event: 4.458 Loaded shared library /home/runner/.cache/jdt-language-server/config/org.eclipse.equinox.launcher/org.eclipse.equinox.launcher.gtk.linux.x86_64_1.2.400.v20211117-0650/eclipse_11600.so
Event: 12.561 Loaded shared library /nix/store/gpxl5qgg8kicmcvivwmybwjlpf7wh20l-graalvm17-ce-22.3.0/lib/libextnet.so

Deoptimization events (20 events):
Event: 60.265 Thread 0x00007f261047e7a0 DEOPT PACKING pc=0x00007f2664918cdd sp=0x00007f26287fe530
Event: 60.265 Thread 0x00007f261047e7a0 DEOPT UNPACKING pc=0x00007f2663505325 sp=0x00007f26287fda20 mode 0
Event: 60.270 Thread 0x00007f261047e7a0 DEOPT PACKING pc=0x00007f2664918cdd sp=0x00007f26287fe530
Event: 60.270 Thread 0x00007f261047e7a0 DEOPT UNPACKING pc=0x00007f2663505325 sp=0x00007f26287fda20 mode 0
Event: 340.872 Thread 0x00007f25e4424030 Uncommon trap: trap_request=0xffffffed fr.pc=0x00007f266b05285f relative=0x00000000000000df
Event: 340.872 Thread 0x00007f25e4424030 Uncommon trap: reason=null_assert_or_unreached0 action=reinterpret pc=0x00007f266b05285f method=java.util.concurrent.locks.AbstractQueuedSynchronizer.compareAndSetState(II)Z @ 12 jvmci
Event: 340.872 Thread 0x00007f25e4424030 DEOPT PACKING pc=0x00007f266b05285f sp=0x00007f26602fe250
Event: 340.872 Thread 0x00007f25e4424030 DEOPT UNPACKING pc=0x00007f2663505325 sp=0x00007f26602fd668 mode 3
Event: 340.872 Thread 0x00007f25e44245b0 Uncommon trap: trap_request=0xffffffed fr.pc=0x00007f266b03f050 relative=0x0000000000000050
Event: 340.872 Thread 0x00007f25e44245b0 Uncommon trap: reason=null_assert_or_unreached0 action=reinterpret pc=0x00007f266b03f050 method=java.util.concurrent.locks.AbstractQueuedSynchronizer.signalNext(Ljava/util/concurrent/locks/AbstractQueuedSynchronizer$Node;)V @ 8 jvmci
Event: 340.872 Thread 0x00007f25e44245b0 DEOPT PACKING pc=0x00007f266b03f050 sp=0x00007f26609fe2a0
Event: 340.872 Thread 0x00007f25e44245b0 DEOPT UNPACKING pc=0x00007f2663505325 sp=0x00007f26609fd730 mode 3
Event: 568.157 Thread 0x00007f261047e7a0 Uncommon trap: trap_request=0xffffff8f fr.pc=0x00007f266b21461b relative=0x00000000000011db
Event: 568.157 Thread 0x00007f261047e7a0 Uncommon trap: reason=constraint action=none pc=0x00007f266b21461b method=org.eclipse.jdt.internal.core.index.DiskIndex.copyQueryResults(Lorg/eclipse/jdt/internal/compiler/util/HashtableOfObject;I)V @ 123 jvmci
Event: 568.157 Thread 0x00007f261047e7a0 DEOPT PACKING pc=0x00007f266b21461b sp=0x00007f26287fe530
Event: 568.157 Thread 0x00007f261047e7a0 DEOPT UNPACKING pc=0x00007f2663505325 sp=0x00007f26287fda28 mode 3
Event: 570.392 Thread 0x00007f261047e7a0 Uncommon trap: trap_request=0xffffff8f fr.pc=0x00007f266b21d014 relative=0x0000000000000274
Event: 570.392 Thread 0x00007f261047e7a0 Uncommon trap: reason=constraint action=none pc=0x00007f266b21d014 method=org.eclipse.jdt.internal.core.index.DiskIndex$IntList.add(I)V @ 0 jvmci
Event: 570.392 Thread 0x00007f261047e7a0 DEOPT PACKING pc=0x00007f266b21d014 sp=0x00007f26287fe500
Event: 570.392 Thread 0x00007f261047e7a0 DEOPT UNPACKING pc=0x00007f2663505325 sp=0x00007f26287fd9b0 mode 3

Classes unloaded (20 events):
Event: 68.906 Thread 0x00007f267c0a1c10 Unloading class 0x0000000800ee8000 'jdk/internal/reflect/GeneratedConstructorAccessor8'
Event: 68.906 Thread 0x00007f267c0a1c10 Unloading class 0x0000000800d99000 'java/lang/invoke/LambdaForm$MH+0x0000000800d99000'
Event: 68.906 Thread 0x00007f267c0a1c10 Unloading class 0x0000000800d98c00 'java/lang/invoke/LambdaForm$MH+0x0000000800d98c00'
Event: 68.906 Thread 0x00007f267c0a1c10 Unloading class 0x0000000800d98800 'java/lang/invoke/LambdaForm$MH+0x0000000800d98800'
Event: 68.906 Thread 0x00007f267c0a1c10 Unloading class 0x0000000800d98400 'java/lang/invoke/LambdaForm$MH+0x0000000800d98400'
Event: 68.906 Thread 0x00007f267c0a1c10 Unloading class 0x0000000800d98000 'jdk/internal/reflect/GeneratedConstructorAccessor3'
Event: 68.906 Thread 0x00007f267c0a1c10 Unloading class 0x0000000800d0a800 'java/lang/invoke/LambdaForm$MH+0x0000000800d0a800'
Event: 68.906 Thread 0x00007f267c0a1c10 Unloading class 0x0000000800d0a000 'java/lang/invoke/LambdaForm$MH+0x0000000800d0a000'
Event: 68.906 Thread 0x00007f267c0a1c10 Unloading class 0x0000000800d09c00 'java/lang/invoke/LambdaForm$MH+0x0000000800d09c00'
Event: 68.906 Thread 0x00007f267c0a1c10 Unloading class 0x0000000800d09800 'java/lang/invoke/LambdaForm$MH+0x0000000800d09800'
Event: 68.906 Thread 0x00007f267c0a1c10 Unloading class 0x0000000800d09000 'java/lang/invoke/LambdaForm$MH+0x0000000800d09000'
Event: 68.906 Thread 0x00007f267c0a1c10 Unloading class 0x0000000800d08c00 'java/lang/invoke/LambdaForm$MH+0x0000000800d08c00'
Event: 68.906 Thread 0x00007f267c0a1c10 Unloading class 0x0000000800d08800 'java/lang/invoke/LambdaForm$MH+0x0000000800d08800'
Event: 68.906 Thread 0x00007f267c0a1c10 Unloading class 0x0000000800d08000 'java/lang/invoke/LambdaForm$MH+0x0000000800d08000'
Event: 68.906 Thread 0x00007f267c0a1c10 Unloading class 0x0000000800c1d000 'jdk/internal/reflect/GeneratedMethodAccessor5'
Event: 68.906 Thread 0x00007f267c0a1c10 Unloading class 0x0000000800c1cc00 'jdk/internal/reflect/GeneratedMethodAccessor4'
Event: 68.906 Thread 0x00007f267c0a1c10 Unloading class 0x0000000800c1c800 'jdk/internal/reflect/GeneratedMethodAccessor3'
Event: 68.906 Thread 0x00007f267c0a1c10 Unloading class 0x0000000800c1c400 'jdk/internal/reflect/GeneratedMethodAccessor2'
Event: 68.906 Thread 0x00007f267c0a1c10 Unloading class 0x0000000800c1c000 'jdk/internal/reflect/GeneratedMethodAccessor1'
Event: 68.906 Thread 0x00007f267c0a1c10 Unloading class 0x0000000800c01c00 'java/lang/invoke/LambdaForm$DMH+0x0000000800c01c00'

Classes redefined (0 events):
No events

Internal exceptions (20 events):
Event: 37.963 Thread 0x00007f25e4000ff0 Exception <a 'java/io/FileNotFoundException'{0x00000000f64b85d8}> (0x00000000f64b85d8) 
thrown [src/hotspot/share/prims/jni.cpp, line 516]
Event: 40.158 Thread 0x00007f25e0189170 Implicit null exception at 0x00007f266b0eb7e9 to 0x00007f266b0eb99b
Event: 42.863 Thread 0x00007f25e0189170 Exception <a 'java/lang/NoSuchMethodError'{0x00000000f6163298}: 'java.lang.Object java.lang.invoke.DirectMethodHandle$Holder.invokeStatic(java.lang.Object, int, java.lang.Object, java.lang.Object, java.lang.Object, java.lang.Object)'> (0x00000000f6163298) 
thrown [src/hotspot/share/interpreter/linkResolver.cpp, line 758]
Event: 42.878 Thread 0x00007f2610302820 Exception <a 'java/lang/NoSuchMethodError'{0x00000000f630a568}: 'java.lang.Object java.lang.invoke.DirectMethodHandle$Holder.invokeStatic(java.lang.Object, java.lang.Object, java.lang.Object, long)'> (0x00000000f630a568) 
thrown [src/hotspot/share/interpreter/linkResolver.cpp, line 758]
Event: 42.879 Thread 0x00007f2610302820 Exception <a 'java/lang/NoSuchMethodError'{0x00000000f6311c60}: 'java.lang.Object java.lang.invoke.DirectMethodHandle$Holder.newInvokeSpecial(java.lang.Object, java.lang.Object, java.lang.Object, long)'> (0x00000000f6311c60) 
thrown [src/hotspot/share/interpreter/linkResolver.cpp, line 758]
Event: 42.880 Thread 0x00007f2610302820 Exception <a 'java/lang/NoSuchMethodError'{0x00000000f6315d78}: 'java.lang.Object java.lang.invoke.DirectMethodHandle$Holder.invokeSpecial(java.lang.Object, java.lang.Object, java.lang.Object, java.lang.Object, long)'> (0x00000000f6315d78) 
thrown [src/hotspot/share/interpreter/linkResolver.cpp, line 758]
Event: 42.880 Thread 0x00007f2610302820 Exception <a 'java/lang/NoSuchMethodError'{0x00000000f63196a0}: 'java.lang.Object java.lang.invoke.Invokers$Holder.linkToTargetMethod(java.lang.Object, java.lang.Object, long, java.lang.Object)'> (0x00000000f63196a0) 
thrown [src/hotspot/share/interpreter/linkResolver.cpp, line 758]
Event: 42.885 Thread 0x00007f2610302820 Exception <a 'java/lang/NoSuchMethodError'{0x00000000f635a418}: 'java.lang.Object java.lang.invoke.DirectMethodHandle$Holder.newInvokeSpecial(java.lang.Object, java.lang.Object, int, java.lang.Object, java.lang.Object)'> (0x00000000f635a418) 
thrown [src/hotspot/share/interpreter/linkResolver.cpp, line 758]
Event: 42.885 Thread 0x00007f2610302820 Exception <a 'java/lang/NoSuchMethodError'{0x00000000f635e848}: 'java.lang.Object java.lang.invoke.DirectMethodHandle$Holder.invokeSpecial(java.lang.Object, java.lang.Object, java.lang.Object, int, java.lang.Object, java.lang.Object)'> (0x00000000f635e848) 
thrown [src/hotspot/share/interpreter/linkResolver.cpp, line 758]
Event: 42.885 Thread 0x00007f2610302820 Exception <a 'java/lang/NoSuchMethodError'{0x00000000f6362330}: 'java.lang.Object java.lang.invoke.Invokers$Holder.linkToTargetMethod(java.lang.Object, int, java.lang.Object, java.lang.Object, java.lang.Object)'> (0x00000000f6362330) 
thrown [src/hotspot/share/interpreter/linkResolver.cpp, line 758]
Event: 43.165 Thread 0x00007f2610302820 Exception <a 'java/lang/NoSuchMethodError'{0x00000000f5d36540}: 'java.lang.Object java.lang.invoke.DirectMethodHandle$Holder.newInvokeSpecial(java.lang.Object, java.lang.Object, java.lang.Object, int, java.lang.Object)'> (0x00000000f5d36540) 
thrown [src/hotspot/share/interpreter/linkResolver.cpp, line 758]
Event: 43.166 Thread 0x00007f2610302820 Exception <a 'java/lang/NoSuchMethodError'{0x00000000f5d3a960}: 'java.lang.Object java.lang.invoke.DirectMethodHandle$Holder.invokeSpecial(java.lang.Object, java.lang.Object, java.lang.Object, java.lang.Object, int, java.lang.Object)'> (0x00000000f5d3a960) 
thrown [src/hotspot/share/interpreter/linkResolver.cpp, line 758]
Event: 43.166 Thread 0x00007f2610302820 Exception <a 'java/lang/NoSuchMethodError'{0x00000000f5d3e448}: 'java.lang.Object java.lang.invoke.Invokers$Holder.linkToTargetMethod(java.lang.Object, java.lang.Object, int, java.lang.Object, java.lang.Object)'> (0x00000000f5d3e448) 
thrown [src/hotspot/share/interpreter/linkResolver.cpp, line 758]
Event: 43.263 Thread 0x00007f25e0189170 Exception <a 'java/lang/NoSuchMethodError'{0x00000000f620a350}: 'void java.lang.invoke.DirectMethodHandle$Holder.invokeSpecial(java.lang.Object, java.lang.Object, int)'> (0x00000000f620a350) 
thrown [src/hotspot/share/interpreter/linkResolver.cpp, line 758]
Event: 44.071 Thread 0x00007f25e0189170 Exception <a 'java/lang/NoSuchMethodError'{0x00000000f60ff2f0}: 'int java.lang.invoke.DirectMethodHandle$Holder.invokeSpecialIFC(java.lang.Object, java.lang.Object, java.lang.Object, java.lang.Object)'> (0x00000000f60ff2f0) 
thrown [src/hotspot/share/interpreter/linkResolver.cpp, line 758]
Event: 568.157 Thread 0x00007f261047e7a0 Exception <a 'java/lang/OutOfMemoryError'{0x00000000e0004c50}> (0x00000000e0004c50) 
thrown [src/hotspot/share/gc/shared/memAllocator.cpp, line 138]
Event: 568.157 Thread 0x00007f261047e7a0 Implicit null exception at 0x00007f266b21408e to 0x00007f266b214600
Event: 570.392 Thread 0x00007f261047e7a0 Exception <a 'java/lang/OutOfMemoryError'{0x00000000e00046b0}> (0x00000000e00046b0) 
thrown [src/hotspot/share/gc/shared/memAllocator.cpp, line 138]
Event: 570.392 Thread 0x00007f261047e7a0 Implicit null exception at 0x00007f266b21cf6d to 0x00007f266b21cff9
Event: 598.859 Thread 0x00007f267c0b21e0 Exception <a 'java/lang/OutOfMemoryError'{0x00000000e0004430}> (0x00000000e0004430) 
thrown [src/hotspot/share/gc/shared/memAllocator.cpp, line 136]

VM Operations (20 events):
Event: 586.366 Executing VM operation: ParallelGCFailedAllocation
Event: 587.390 Executing VM operation: ParallelGCFailedAllocation done
Event: 587.390 Executing VM operation: ParallelGCFailedAllocation
Event: 588.585 Executing VM operation: ParallelGCFailedAllocation done
Event: 588.585 Executing VM operation: ParallelGCFailedAllocation
Event: 589.672 Executing VM operation: ParallelGCFailedAllocation done
Event: 589.672 Executing VM operation: ParallelGCFailedAllocation
Event: 590.789 Executing VM operation: ParallelGCFailedAllocation done
Event: 590.789 Executing VM operation: ParallelGCFailedAllocation
Event: 591.891 Executing VM operation: ParallelGCFailedAllocation done
Event: 591.892 Executing VM operation: ParallelGCFailedAllocation
Event: 592.994 Executing VM operation: ParallelGCFailedAllocation done
Event: 592.994 Executing VM operation: ParallelGCFailedAllocation
Event: 594.080 Executing VM operation: ParallelGCFailedAllocation done
Event: 594.080 Executing VM operation: ParallelGCFailedAllocation
Event: 595.381 Executing VM operation: ParallelGCFailedAllocation done
Event: 595.381 Executing VM operation: ParallelGCFailedAllocation
Event: 596.554 Executing VM operation: ParallelGCFailedAllocation done
Event: 596.554 Executing VM operation: ParallelGCFailedAllocation
Event: 598.859 Executing VM operation: ParallelGCFailedAllocation done

Events (20 events):
Event: 248.988 Thread 0x00007f25e0034810 Thread added: 0x00007f25e0034810
Event: 248.988 Protecting memory [0x00007f2660000000,0x00007f2660004000] with protection modes 0
Event: 270.816 loading class java/util/concurrent/CancellationException
Event: 270.816 loading class java/util/concurrent/CancellationException done
Event: 273.252 loading class java/util/concurrent/CompletionException
Event: 273.252 loading class java/util/concurrent/CompletionException done
Event: 326.182 Thread 0x00007f25e0034810 Thread exited: 0x00007f25e0034810
Event: 338.413 loading class java/io/InterruptedIOException
Event: 340.872 loading class java/io/InterruptedIOException done
Event: 340.872 loading class javax/net/ssl/SSLException
Event: 340.872 loading class javax/net/ssl/SSLException done
Event: 340.872 Thread 0x00007f25e0035280 Thread added: 0x00007f25e0035280
Event: 340.872 Protecting memory [0x00007f2660000000,0x00007f2660004000] with protection modes 0
Event: 345.791 loading class java/lang/AssertionError
Event: 345.791 loading class java/lang/AssertionError done
Event: 355.202 Thread 0x00007f25e4424030 Thread exited: 0x00007f25e4424030
Event: 355.202 Thread 0x00007f260c003f50 Thread exited: 0x00007f260c003f50
Event: 379.161 Thread 0x00007f25e0034810 Thread added: 0x00007f25e0034810
Event: 379.161 Protecting memory [0x00007f2660500000,0x00007f2660504000] with protection modes 0
Event: 418.013 Thread 0x00007f25e44245b0 Thread exited: 0x00007f25e44245b0


Dynamic libraries:
e0000000-f5580000 rw-p 00000000 00:00 0 
f5580000-fba80000 rw-p 00000000 00:00 0 
fba80000-100000000 ---p 00000000 00:00 0 
800000000-800449000 rw-p 00001000 00:c64 4611686019135357769             /nix/store/gpxl5qgg8kicmcvivwmybwjlpf7wh20l-graalvm17-ce-22.3.0/lib/server/classes.jsa
800449000-800bc8000 r--p 0044a000 00:c64 4611686019135357769             /nix/store/gpxl5qgg8kicmcvivwmybwjlpf7wh20l-graalvm17-ce-22.3.0/lib/server/classes.jsa
800bc8000-800c00000 ---p 00000000 00:00 0 
800c00000-800c20000 rw-p 00000000 00:00 0 
800c20000-800c40000 rw-p 00000000 00:00 0 
800c40000-800cc0000 rw-p 00000000 00:00 0 
800cc0000-800d00000 rw-p 00000000 00:00 0 
800d00000-800dc0000 rw-p 00000000 00:00 0 
800dc0000-800e00000 rw-p 00000000 00:00 0 
800e00000-800f40000 rw-p 00000000 00:00 0 
800f40000-800fc0000 rw-p 00000000 00:00 0 
800fc0000-801000000 rw-p 00000000 00:00 0 
801000000-801230000 rw-p 00000000 00:00 0 
801230000-840c00000 ---p 00000000 00:00 0 
55e7b582b000-55e7b582c000 r-xp 00000000 00:c64 4611686019099417844       /nix/store/gpxl5qgg8kicmcvivwmybwjlpf7wh20l-graalvm17-ce-22.3.0/bin/.java-wrapped
55e7b582d000-55e7b582e000 r--p 00001000 00:c64 4611686019099417844       /nix/store/gpxl5qgg8kicmcvivwmybwjlpf7wh20l-graalvm17-ce-22.3.0/bin/.java-wrapped
55e7b582e000-55e7b582f000 rw-p 00002000 00:c64 4611686019099417844       /nix/store/gpxl5qgg8kicmcvivwmybwjlpf7wh20l-graalvm17-ce-22.3.0/bin/.java-wrapped
55e7b582f000-55e7b5830000 rw-p 00004000 00:c64 4611686019099417844       /nix/store/gpxl5qgg8kicmcvivwmybwjlpf7wh20l-graalvm17-ce-22.3.0/bin/.java-wrapped
55e7b5830000-55e7b5831000 rw-p 00005000 00:c64 4611686019099417844       /nix/store/gpxl5qgg8kicmcvivwmybwjlpf7wh20l-graalvm17-ce-22.3.0/bin/.java-wrapped
55e7b64b4000-55e7b64fc000 rw-p 00000000 00:00 0                          [heap]
7f25b8000000-7f25b8238000 rw-p 00000000 00:00 0 
7f25b8238000-7f25bc000000 ---p 00000000 00:00 0 
7f25c0000000-7f25c0021000 rw-p 00000000 00:00 0 
7f25c0021000-7f25c4000000 ---p 00000000 00:00 0 
7f25c4000000-7f25c4021000 rw-p 00000000 00:00 0 
7f25c4021000-7f25c8000000 ---p 00000000 00:00 0 
7f25c8000000-7f25c8021000 rw-p 00000000 00:00 0 
7f25c8021000-7f25cc000000 ---p 00000000 00:00 0 
7f25ce4b3000-7f25d8000000 r--s 00000000 00:c64 4611686019135192581       /nix/store/gpxl5qgg8kicmcvivwmybwjlpf7wh20l-graalvm17-ce-22.3.0/lib/modules
7f25d8000000-7f25d8048000 rw-p 00000000 00:00 0 
7f25d8048000-7f25dc000000 ---p 00000000 00:00 0 
7f25dc000000-7f25dc021000 rw-p 00000000 00:00 0 
7f25dc021000-7f25e0000000 ---p 00000000 00:00 0 
7f25e0000000-7f25e01ad000 rw-p 00000000 00:00 0 
7f25e01ad000-7f25e4000000 ---p 00000000 00:00 0 
7f25e4000000-7f25e44e5000 rw-p 00000000 00:00 0 
7f25e44e5000-7f25e8000000 ---p 00000000 00:00 0 
7f25e8000000-7f25e8021000 rw-p 00000000 00:00 0 
7f25e8021000-7f25ec000000 ---p 00000000 00:00 0 
7f25ec000000-7f25ec101000 rw-p 00000000 00:00 0 
7f25ec101000-7f25f0000000 ---p 00000000 00:00 0 
7f25f0000000-7f25f0021000 rw-p 00000000 00:00 0 
7f25f0021000-7f25f4000000 ---p 00000000 00:00 0 
7f25f4800000-7f25f4d50000 rw-p 00000000 00:00 0 
7f25f4d50000-7f25f5000000 ---p 00000000 00:00 0 
7f25f5800000-7f25f5b00000 rw-p 00000000 00:00 0 
7f25f5b00000-7f25f5b50000 rw-p 00000000 00:00 0 
7f25f5b50000-7f25f5c00000 ---p 00000000 00:00 0 
7f25f5c00000-7f25f5f00000 rw-p 00000000 00:00 0 
7f25f5f00000-7f25f6000000 rw-p 00000000 00:00 0 
7f25f6800000-7f25f69c0000 rw-p 00000000 00:00 0 
7f25f69c0000-7f25f6a00000 rw-p 00000000 00:00 0 
7f25f6a00000-7f25f6d00000 rw-p 00000000 00:00 0 
7f25f6d00000-7f25f6e00000 rw-p 00000000 00:00 0 
7f25f6e00000-7f25f7000000 rw-p 00000000 00:00 0 
7f25f7000000-7f25f7100000 rw-p 00000000 00:00 0 
7f25f7100000-7f25f7180000 rw-p 00000000 00:00 0 
7f25f7180000-7f25f7300000 rw-p 00000000 00:00 0 
7f25f7300000-7f25f7400000 rw-p 00000000 00:00 0 
7f25f7400000-7f25f7500000 rw-p 00000000 00:00 0 
7f25f7500000-7f25f7600000 rw-p 00000000 00:00 0 
7f25f7600000-7f25f7800000 rw-p 00000000 00:00 0 
7f25f7800000-7f25f7900000 rw-p 00000000 00:00 0 
7f25f7900000-7f25f7a00000 rw-p 00000000 00:00 0 
7f25f7a00000-7f25f7f80000 rw-p 00000000 00:00 0 
7f25f7f80000-7f25f8000000 rw-p 00000000 00:00 0 
7f25f8000000-7f25f82f0000 rw-p 00000000 00:00 0 
7f25f82f0000-7f25fc000000 ---p 00000000 00:00 0 
7f25fc000000-7f25fc073000 rw-p 00000000 00:00 0 
7f25fc073000-7f2600000000 ---p 00000000 00:00 0 
7f2600000000-7f2600021000 rw-p 00000000 00:00 0 
7f2600021000-7f2604000000 ---p 00000000 00:00 0 
7f2604000000-7f260407a000 rw-p 00000000 00:00 0 
7f260407a000-7f2608000000 ---p 00000000 00:00 0 
7f2608000000-7f2608021000 rw-p 00000000 00:00 0 
7f2608021000-7f260c000000 ---p 00000000 00:00 0 
7f260c000000-7f260c021000 rw-p 00000000 00:00 0 
7f260c021000-7f2610000000 ---p 00000000 00:00 0 
7f2610000000-7f26108b8000 rw-p 00000000 00:00 0 
7f26108b8000-7f2614000000 ---p 00000000 00:00 0 
7f2614000000-7f2614026000 rw-p 00000000 00:00 0 
7f2614026000-7f2618000000 ---p 00000000 00:00 0 
7f2618000000-7f2618021000 rw-p 00000000 00:00 0 
7f2618021000-7f261c000000 ---p 00000000 00:00 0 
7f261c000000-7f261c021000 rw-p 00000000 00:00 0 
7f261c021000-7f2620000000 ---p 00000000 00:00 0 
7f2620000000-7f2620021000 rw-p 00000000 00:00 0 
7f2620021000-7f2624000000 ---p 00000000 00:00 0 
7f2624400000-7f2624500000 rw-p 00000000 00:00 0 
7f2624500000-7f2624600000 rw-p 00000000 00:00 0 
7f2624600000-7f2624900000 rw-p 00000000 00:00 0 
7f2624900000-7f2624a00000 rw-p 00000000 00:00 0 
7f2624a00000-7f2624c00000 rw-p 00000000 00:00 0 
7f2625e00000-7f2625e10000 r-xp 00000000 00:c60 358                       /home/runner/.cache/jdt-language-server/config/org.eclipse.equinox.launcher/org.eclipse.equinox.launcher.gtk.linux.x86_64_1.2.400.v20211117-0650/eclipse_11600.so
7f2625e10000-7f262600f000 ---p 00010000 00:c60 358                       /home/runner/.cache/jdt-language-server/config/org.eclipse.equinox.launcher/org.eclipse.equinox.launcher.gtk.linux.x86_64_1.2.400.v20211117-0650/eclipse_11600.so
7f262600f000-7f2626010000 r--p 0000f000 00:c60 358                       /home/runner/.cache/jdt-language-server/config/org.eclipse.equinox.launcher/org.eclipse.equinox.launcher.gtk.linux.x86_64_1.2.400.v20211117-0650/eclipse_11600.so
7f2626010000-7f2626011000 rw-p 00010000 00:c60 358                       /home/runner/.cache/jdt-language-server/config/org.eclipse.equinox.launcher/org.eclipse.equinox.launcher.gtk.linux.x86_64_1.2.400.v20211117-0650/eclipse_11600.so
7f2626900000-7f2626a00000 ---p 00000000 00:00 0 
7f2626a00000-7f2626faf000 r--p 01122000 00:c64 4611686019135190040       /nix/store/gpxl5qgg8kicmcvivwmybwjlpf7wh20l-graalvm17-ce-22.3.0/lib/libjvmcicompiler.so
7f2626faf000-7f2627100000 r--p 00000000 00:00 0 
7f2627100000-7f262713d000 rw-p 00000000 00:00 0 
7f262713d000-7f262765d000 rw-p 0185f000 00:c64 4611686019135190040       /nix/store/gpxl5qgg8kicmcvivwmybwjlpf7wh20l-graalvm17-ce-22.3.0/lib/libjvmcicompiler.so
7f262765d000-7f2627a44000 r--p 01d7f000 00:c64 4611686019135190040       /nix/store/gpxl5qgg8kicmcvivwmybwjlpf7wh20l-graalvm17-ce-22.3.0/lib/libjvmcicompiler.so
7f2627b00000-7f2627b04000 ---p 00000000 00:00 0 
7f2627b04000-7f2627c00000 rw-p 00000000 00:00 0 
7f2627d00000-7f2627d04000 ---p 00000000 00:00 0 
7f2627d04000-7f2627e00000 rw-p 00000000 00:00 0 
7f2627f00000-7f2627f04000 ---p 00000000 00:00 0 
7f2627f04000-7f2628000000 rw-p 00000000 00:00 0 
7f2628100000-7f2628104000 ---p 00000000 00:00 0 
7f2628104000-7f2628200000 rw-p 00000000 00:00 0 
7f2628300000-7f2628304000 ---p 00000000 00:00 0 
7f2628304000-7f2628400000 rw-p 00000000 00:00 0 
7f2628400000-7f2628404000 ---p 00000000 00:00 0 
7f2628404000-7f2628500000 rw-p 00000000 00:00 0 
7f2628500000-7f2628504000 ---p 00000000 00:00 0 
7f2628504000-7f2628600000 rw-p 00000000 00:00 0 
7f2628700000-7f2628704000 ---p 00000000 00:00 0 
7f2628704000-7f2628800000 rw-p 00000000 00:00 0 
7f2628900000-7f2628904000 ---p 00000000 00:00 0 
7f2628904000-7f2628a00000 rw-p 00000000 00:00 0 
7f2629668000-7f2629b00000 rw-p 00000000 00:00 0 
7f2629c00000-7f262bd6a000 r-xp 00000000 00:c64 4611686019135190040       /nix/store/gpxl5qgg8kicmcvivwmybwjlpf7wh20l-graalvm17-ce-22.3.0/lib/libjvmcicompiler.so
7f262bd6a000-7f262bf69000 ---p 0216a000 00:c64 4611686019135190040       /nix/store/gpxl5qgg8kicmcvivwmybwjlpf7wh20l-graalvm17-ce-22.3.0/lib/libjvmcicompiler.so
7f262bf69000-7f262bf6a000 r--p 02169000 00:c64 4611686019135190040       /nix/store/gpxl5qgg8kicmcvivwmybwjlpf7wh20l-graalvm17-ce-22.3.0/lib/libjvmcicompiler.so
7f262bf6a000-7f262bf6c000 rw-p 0216a000 00:c64 4611686019135190040       /nix/store/gpxl5qgg8kicmcvivwmybwjlpf7wh20l-graalvm17-ce-22.3.0/lib/libjvmcicompiler.so
7f262bf6c000-7f262bf6d000 rw-p 00000000 00:00 0 
7f262bf6d000-7f262bf72000 rw-p 023c3000 00:c64 4611686019135190040       /nix/store/gpxl5qgg8kicmcvivwmybwjlpf7wh20l-graalvm17-ce-22.3.0/lib/libjvmcicompiler.so
7f262c000000-7f262c021000 rw-p 00000000 00:00 0 
7f262c021000-7f2630000000 ---p 00000000 00:00 0 
7f2630000000-7f2630021000 rw-p 00000000 00:00 0 
7f2630021000-7f2634000000 ---p 00000000 00:00 0 
7f2634000000-7f2634021000 rw-p 00000000 00:00 0 
7f2634021000-7f2638000000 ---p 00000000 00:00 0 
7f2638000000-7f2638021000 rw-p 00000000 00:00 0 
7f2638021000-7f263c000000 ---p 00000000 00:00 0 
7f263c000000-7f263c0cf000 rw-p 00000000 00:00 0 
7f263c0cf000-7f2640000000 ---p 00000000 00:00 0 
7f2640000000-7f2640853000 rw-p 00000000 00:00 0 
7f2640853000-7f2644000000 ---p 00000000 00:00 0 
7f2644000000-7f2644021000 rw-p 00000000 00:00 0 
7f2644021000-7f2648000000 ---p 00000000 00:00 0 
7f2648000000-7f2648021000 rw-p 00000000 00:00 0 
7f2648021000-7f264c000000 ---p 00000000 00:00 0 
7f264c000000-7f264c021000 rw-p 00000000 00:00 0 
7f264c021000-7f2650000000 ---p 00000000 00:00 0 
7f2650000000-7f2650021000 rw-p 00000000 00:00 0 
7f2650021000-7f2654000000 ---p 00000000 00:00 0 
7f2654000000-7f2654021000 rw-p 00000000 00:00 0 
7f2654021000-7f2658000000 ---p 00000000 00:00 0 
7f2658000000-7f2658021000 rw-p 00000000 00:00 0 
7f2658021000-7f265c000000 ---p 00000000 00:00 0 
7f265c000000-7f265c068000 rw-p 00000000 00:00 0 
7f265c068000-7f2660000000 ---p 00000000 00:00 0 
7f2660000000-7f2660004000 ---p 00000000 00:00 0 
7f2660004000-7f2660100000 rw-p 00000000 00:00 0 
7f2660100000-7f2660104000 ---p 00000000 00:00 0 
7f2660104000-7f2660200000 rw-p 00000000 00:00 0 
7f2660200000-7f2660204000 ---p 00000000 00:00 0 
7f2660204000-7f2660300000 rw-p 00000000 00:00 0 
7f2660300000-7f2660304000 ---p 00000000 00:00 0 
7f2660304000-7f2660400000 rw-p 00000000 00:00 0 
7f2660400000-7f2660404000 ---p 00000000 00:00 0 
7f2660404000-7f2660500000 rw-p 00000000 00:00 0 
7f2660500000-7f2660504000 ---p 00000000 00:00 0 
7f2660504000-7f2660600000 rw-p 00000000 00:00 0 
7f2660600000-7f2660604000 ---p 00000000 00:00 0 
7f2660604000-7f2660700000 rw-p 00000000 00:00 0 
7f2660800000-7f2660804000 ---p 00000000 00:00 0 
7f2660804000-7f2660900000 rw-p 00000000 00:00 0 
7f2660900000-7f2660904000 ---p 00000000 00:00 0 
7f2660904000-7f2660a00000 rw-p 00000000 00:00 0 
7f2660a00000-7f2660a04000 ---p 00000000 00:00 0 
7f2660a04000-7f2660b00000 rw-p 00000000 00:00 0 
7f2660b00000-7f2660b04000 ---p 00000000 00:00 0 
7f2660b04000-7f2660c00000 rw-p 00000000 00:00 0 
7f2660c00000-7f2660c04000 ---p 00000000 00:00 0 
7f2660c04000-7f2660d00000 rw-p 00000000 00:00 0 
7f2660e18000-7f2660e19000 ---p 00000000 00:00 0 
7f2660e19000-7f2660f1a000 rw-p 00000000 00:00 0 
7f2660f1a000-7f2660f1e000 ---p 00000000 00:00 0 
7f2660f1e000-7f266101a000 rw-p 00000000 00:00 0 
7f266101a000-7f266101e000 ---p 00000000 00:00 0 
7f266101e000-7f266111a000 rw-p 00000000 00:00 0 
7f266111a000-7f266111e000 ---p 00000000 00:00 0 
7f266111e000-7f266121a000 rw-p 00000000 00:00 0 
7f266121a000-7f266121e000 ---p 00000000 00:00 0 
7f266121e000-7f266141a000 rw-p 00000000 00:00 0 
7f266141a000-7f266141e000 ---p 00000000 00:00 0 
7f266141e000-7f266161a000 rw-p 00000000 00:00 0 
7f266161a000-7f266161e000 ---p 00000000 00:00 0 
7f266161e000-7f266171a000 rw-p 00000000 00:00 0 
7f266171a000-7f266171e000 ---p 00000000 00:00 0 
7f266171e000-7f266181a000 rw-p 00000000 00:00 0 
7f266181a000-7f266181e000 ---p 00000000 00:00 0 
7f266181e000-7f266191a000 rw-p 00000000 00:00 0 
7f266191a000-7f2661c00000 r--p 00000000 00:ba0 28444448                  /usr/lib/locale/locale-archive
7f2661c00000-7f2662000000 rw-p 00000000 00:00 0 
7f2662000000-7f2662300000 rw-p 00000000 00:00 0 
7f2662300000-7f2662400000 rw-p 00000000 00:00 0 
7f26624b3000-7f26634b3000 rw-p 00000000 00:00 0 
7f26634b3000-7f2663723000 rwxp 00000000 00:00 0 
7f2663723000-7f2663a42000 ---p 00000000 00:00 0 
7f2663a42000-7f2664922000 rwxp 00000000 00:00 0 
7f2664922000-7f266af7a000 ---p 00000000 00:00 0 
7f266af7a000-7f266b22a000 rwxp 00000000 00:00 0 
7f266b22a000-7f26724b3000 ---p 00000000 00:00 0 
7f26724b3000-7f267c000000 r--s 00000000 00:c64 4611686019135192581       /nix/store/gpxl5qgg8kicmcvivwmybwjlpf7wh20l-graalvm17-ce-22.3.0/lib/modules
7f267c000000-7f267c65b000 rw-p 00000000 00:00 0 
7f267c65b000-7f2680000000 ---p 00000000 00:00 0 
7f268003c000-7f268003e000 r-xp 00000000 00:c64 4611686019135190017       /nix/store/gpxl5qgg8kicmcvivwmybwjlpf7wh20l-graalvm17-ce-22.3.0/lib/libextnet.so
7f268003e000-7f268003f000 r--p 00001000 00:c64 4611686019135190017       /nix/store/gpxl5qgg8kicmcvivwmybwjlpf7wh20l-graalvm17-ce-22.3.0/lib/libextnet.so
7f268003f000-7f2680040000 rw-p 00002000 00:c64 4611686019135190017       /nix/store/gpxl5qgg8kicmcvivwmybwjlpf7wh20l-graalvm17-ce-22.3.0/lib/libextnet.so
7f2680040000-7f2680041000 rw-p 00004000 00:c64 4611686019135190017       /nix/store/gpxl5qgg8kicmcvivwmybwjlpf7wh20l-graalvm17-ce-22.3.0/lib/libextnet.so
7f2680041000-7f2680045000 ---p 00000000 00:00 0 
7f2680045000-7f2680063000 rw-p 00000000 00:00 0 
7f2680063000-7f268006a000 r-xp 00000000 00:c64 4611686019135192580       /nix/store/gpxl5qgg8kicmcvivwmybwjlpf7wh20l-graalvm17-ce-22.3.0/lib/libzip.so
7f268006a000-7f268006b000 ---p 00007000 00:c64 4611686019135192580       /nix/store/gpxl5qgg8kicmcvivwmybwjlpf7wh20l-graalvm17-ce-22.3.0/lib/libzip.so
7f268006b000-7f268006c000 r--p 00007000 00:c64 4611686019135192580       /nix/store/gpxl5qgg8kicmcvivwmybwjlpf7wh20l-graalvm17-ce-22.3.0/lib/libzip.so
7f268006c000-7f268006d000 rw-p 00008000 00:c64 4611686019135192580       /nix/store/gpxl5qgg8kicmcvivwmybwjlpf7wh20l-graalvm17-ce-22.3.0/lib/libzip.so
7f268006d000-7f268006f000 rw-p 0000b000 00:c64 4611686019135192580       /nix/store/gpxl5qgg8kicmcvivwmybwjlpf7wh20l-graalvm17-ce-22.3.0/lib/libzip.so
7f268006f000-7f2680084000 r-xp 00000000 00:c64 4611686019135192570       /nix/store/gpxl5qgg8kicmcvivwmybwjlpf7wh20l-graalvm17-ce-22.3.0/lib/libnet.so
7f2680084000-7f2680085000 ---p 00015000 00:c64 4611686019135192570       /nix/store/gpxl5qgg8kicmcvivwmybwjlpf7wh20l-graalvm17-ce-22.3.0/lib/libnet.so
7f2680085000-7f2680086000 r--p 00015000 00:c64 4611686019135192570       /nix/store/gpxl5qgg8kicmcvivwmybwjlpf7wh20l-graalvm17-ce-22.3.0/lib/libnet.so
7f2680086000-7f2680087000 rw-p 00016000 00:c64 4611686019135192570       /nix/store/gpxl5qgg8kicmcvivwmybwjlpf7wh20l-graalvm17-ce-22.3.0/lib/libnet.so
7f2680087000-7f268008a000 rw-p 0001b000 00:c64 4611686019135192570       /nix/store/gpxl5qgg8kicmcvivwmybwjlpf7wh20l-graalvm17-ce-22.3.0/lib/libnet.so
7f268008a000-7f268009d000 r-xp 00000000 00:c64 4611686019135192571       /nix/store/gpxl5qgg8kicmcvivwmybwjlpf7wh20l-graalvm17-ce-22.3.0/lib/libnio.so
7f268009d000-7f268009e000 r--p 00012000 00:c64 4611686019135192571       /nix/store/gpxl5qgg8kicmcvivwmybwjlpf7wh20l-graalvm17-ce-22.3.0/lib/libnio.so
7f268009e000-7f268009f000 rw-p 00013000 00:c64 4611686019135192571       /nix/store/gpxl5qgg8kicmcvivwmybwjlpf7wh20l-graalvm17-ce-22.3.0/lib/libnio.so
7f268009f000-7f26800a4000 rw-p 00019000 00:c64 4611686019135192571       /nix/store/gpxl5qgg8kicmcvivwmybwjlpf7wh20l-graalvm17-ce-22.3.0/lib/libnio.so
7f26800a4000-7f26800a8000 ---p 00000000 00:00 0 
7f26800a8000-7f26801a4000 rw-p 00000000 00:00 0 
7f26801a4000-7f26801a8000 ---p 00000000 00:00 0 
7f26801a8000-7f26802a4000 rw-p 00000000 00:00 0 
7f26802a4000-7f26802a5000 ---p 00000000 00:00 0 
7f26802a5000-7f26803a6000 rw-p 00000000 00:00 0 
7f26803a6000-7f2680474000 r-xp 00000000 00:c64 4611686019135190036       /nix/store/gpxl5qgg8kicmcvivwmybwjlpf7wh20l-graalvm17-ce-22.3.0/lib/libjsvml.so
7f2680474000-7f2680475000 r--p 000cd000 00:c64 4611686019135190036       /nix/store/gpxl5qgg8kicmcvivwmybwjlpf7wh20l-graalvm17-ce-22.3.0/lib/libjsvml.so
7f2680475000-7f2680476000 rw-p 000ce000 00:c64 4611686019135190036       /nix/store/gpxl5qgg8kicmcvivwmybwjlpf7wh20l-graalvm17-ce-22.3.0/lib/libjsvml.so
7f2680476000-7f2680d4e000 rw-p 00000000 00:00 0 
7f2680d4e000-7f2680d4f000 ---p 00000000 00:00 0 
7f2680d4f000-7f2680efa000 rw-p 00000000 00:00 0 
7f2680efa000-7f2680f2e000 rw-p 00000000 00:00 0 
7f2680f2e000-7f2680f50000 ---p 00000000 00:00 0 
7f2680f50000-7f2680f57000 rw-p 00000000 00:00 0 
7f2680f57000-7f268103c000 ---p 00000000 00:00 0 
7f268103c000-7f268105a000 rw-p 00000000 00:00 0 
7f268105a000-7f2681127000 ---p 00000000 00:00 0 
7f2681127000-7f268112c000 rw-p 00000000 00:00 0 
7f268112c000-7f2681133000 ---p 00000000 00:00 0 
7f2681133000-7f2681157000 r-xp 00000000 00:c64 4611686019135190028       /nix/store/gpxl5qgg8kicmcvivwmybwjlpf7wh20l-graalvm17-ce-22.3.0/lib/libjava.so
7f2681157000-7f2681158000 ---p 00024000 00:c64 4611686019135190028       /nix/store/gpxl5qgg8kicmcvivwmybwjlpf7wh20l-graalvm17-ce-22.3.0/lib/libjava.so
7f2681158000-7f2681159000 r--p 00024000 00:c64 4611686019135190028       /nix/store/gpxl5qgg8kicmcvivwmybwjlpf7wh20l-graalvm17-ce-22.3.0/lib/libjava.so
7f2681159000-7f268115a000 rw-p 00025000 00:c64 4611686019135190028       /nix/store/gpxl5qgg8kicmcvivwmybwjlpf7wh20l-graalvm17-ce-22.3.0/lib/libjava.so
7f268115a000-7f268115b000 rw-p 00000000 00:00 0 
7f268115b000-7f2681162000 rw-p 0002f000 00:c64 4611686019135190028       /nix/store/gpxl5qgg8kicmcvivwmybwjlpf7wh20l-graalvm17-ce-22.3.0/lib/libjava.so
7f2681162000-7f268116a000 rw-s 00000000 00:891 355                       /tmp/hsperfdata_runner/22
7f268116a000-7f268116b000 ---p 00000000 00:00 0 
7f268116b000-7f268116c000 r--p 00000000 00:00 0 
7f268116c000-7f268116d000 rwxp 00000000 00:00 0 
7f268116d000-7f2681188000 r-xp 00000000 00:c64 4611686019135190032       /nix/store/gpxl5qgg8kicmcvivwmybwjlpf7wh20l-graalvm17-ce-22.3.0/lib/libjimage.so
7f2681188000-7f2681189000 ---p 0001b000 00:c64 4611686019135190032       /nix/store/gpxl5qgg8kicmcvivwmybwjlpf7wh20l-graalvm17-ce-22.3.0/lib/libjimage.so
7f2681189000-7f268118b000 r--p 0001b000 00:c64 4611686019135190032       /nix/store/gpxl5qgg8kicmcvivwmybwjlpf7wh20l-graalvm17-ce-22.3.0/lib/libjimage.so
7f268118b000-7f268118c000 rw-p 0001d000 00:c64 4611686019135190032       /nix/store/gpxl5qgg8kicmcvivwmybwjlpf7wh20l-graalvm17-ce-22.3.0/lib/libjimage.so
7f268118c000-7f268118d000 rw-p 00024000 00:c64 4611686019135190032       /nix/store/gpxl5qgg8kicmcvivwmybwjlpf7wh20l-graalvm17-ce-22.3.0/lib/libjimage.so
7f268118d000-7f2681191000 ---p 00000000 00:00 0 
7f2681191000-7f268128d000 rw-p 00000000 00:00 0 
7f268128d000-7f268129b000 r--p 00000000 00:c64 4611686019027979927       /nix/store/4nlgxhb09sdr51nc9hdm8az5b08vzkgx-glibc-2.35-163/lib/libm.so.6
7f268129b000-7f268130e000 r-xp 0000e000 00:c64 4611686019027979927       /nix/store/4nlgxhb09sdr51nc9hdm8az5b08vzkgx-glibc-2.35-163/lib/libm.so.6
7f268130e000-7f268136b000 r--p 00081000 00:c64 4611686019027979927       /nix/store/4nlgxhb09sdr51nc9hdm8az5b08vzkgx-glibc-2.35-163/lib/libm.so.6
7f268136b000-7f268136c000 r--p 000dd000 00:c64 4611686019027979927       /nix/store/4nlgxhb09sdr51nc9hdm8az5b08vzkgx-glibc-2.35-163/lib/libm.so.6
7f268136c000-7f268136d000 rw-p 000de000 00:c64 4611686019027979927       /nix/store/4nlgxhb09sdr51nc9hdm8az5b08vzkgx-glibc-2.35-163/lib/libm.so.6
7f268136d000-7f268136e000 r--p 00000000 00:c64 4611686019027979946       /nix/store/4nlgxhb09sdr51nc9hdm8az5b08vzkgx-glibc-2.35-163/lib/librt.so.1
7f268136e000-7f268136f000 r-xp 00001000 00:c64 4611686019027979946       /nix/store/4nlgxhb09sdr51nc9hdm8az5b08vzkgx-glibc-2.35-163/lib/librt.so.1
7f268136f000-7f2681370000 r--p 00002000 00:c64 4611686019027979946       /nix/store/4nlgxhb09sdr51nc9hdm8az5b08vzkgx-glibc-2.35-163/lib/librt.so.1
7f2681370000-7f2681371000 r--p 00002000 00:c64 4611686019027979946       /nix/store/4nlgxhb09sdr51nc9hdm8az5b08vzkgx-glibc-2.35-163/lib/librt.so.1
7f2681371000-7f2681372000 rw-p 00003000 00:c64 4611686019027979946       /nix/store/4nlgxhb09sdr51nc9hdm8az5b08vzkgx-glibc-2.35-163/lib/librt.so.1
7f2681372000-7f2682485000 r-xp 00000000 00:c64 4611686019135360866       /nix/store/gpxl5qgg8kicmcvivwmybwjlpf7wh20l-graalvm17-ce-22.3.0/lib/server/libjvm.so
7f2682485000-7f2682486000 ---p 01113000 00:c64 4611686019135360866       /nix/store/gpxl5qgg8kicmcvivwmybwjlpf7wh20l-graalvm17-ce-22.3.0/lib/server/libjvm.so
7f2682486000-7f268253b000 r--p 01113000 00:c64 4611686019135360866       /nix/store/gpxl5qgg8kicmcvivwmybwjlpf7wh20l-graalvm17-ce-22.3.0/lib/server/libjvm.so
7f268253b000-7f268256f000 rw-p 011c8000 00:c64 4611686019135360866       /nix/store/gpxl5qgg8kicmcvivwmybwjlpf7wh20l-graalvm17-ce-22.3.0/lib/server/libjvm.so
7f268256f000-7f26825cb000 rw-p 00000000 00:00 0 
7f26825cb000-7f26825f3000 r--p 00000000 00:c64 4611686019027979918       /nix/store/4nlgxhb09sdr51nc9hdm8az5b08vzkgx-glibc-2.35-163/lib/libc.so.6
7f26825f3000-7f2682769000 r-xp 00028000 00:c64 4611686019027979918       /nix/store/4nlgxhb09sdr51nc9hdm8az5b08vzkgx-glibc-2.35-163/lib/libc.so.6
7f2682769000-7f26827c1000 r--p 0019e000 00:c64 4611686019027979918       /nix/store/4nlgxhb09sdr51nc9hdm8az5b08vzkgx-glibc-2.35-163/lib/libc.so.6
7f26827c1000-7f26827c5000 r--p 001f6000 00:c64 4611686019027979918       /nix/store/4nlgxhb09sdr51nc9hdm8az5b08vzkgx-glibc-2.35-163/lib/libc.so.6
7f26827c5000-7f26827c7000 rw-p 001fa000 00:c64 4611686019027979918       /nix/store/4nlgxhb09sdr51nc9hdm8az5b08vzkgx-glibc-2.35-163/lib/libc.so.6
7f26827c7000-7f26827d6000 rw-p 00000000 00:00 0 
7f26827d6000-7f26827d7000 r--p 00000000 00:c64 4611686019027979923       /nix/store/4nlgxhb09sdr51nc9hdm8az5b08vzkgx-glibc-2.35-163/lib/libdl.so.2
7f26827d7000-7f26827d8000 r-xp 00001000 00:c64 4611686019027979923       /nix/store/4nlgxhb09sdr51nc9hdm8az5b08vzkgx-glibc-2.35-163/lib/libdl.so.2
7f26827d8000-7f26827d9000 r--p 00002000 00:c64 4611686019027979923       /nix/store/4nlgxhb09sdr51nc9hdm8az5b08vzkgx-glibc-2.35-163/lib/libdl.so.2
7f26827d9000-7f26827da000 r--p 00002000 00:c64 4611686019027979923       /nix/store/4nlgxhb09sdr51nc9hdm8az5b08vzkgx-glibc-2.35-163/lib/libdl.so.2
7f26827da000-7f26827db000 rw-p 00003000 00:c64 4611686019027979923       /nix/store/4nlgxhb09sdr51nc9hdm8az5b08vzkgx-glibc-2.35-163/lib/libdl.so.2
7f26827db000-7f26827dc000 r--p 00000000 00:c64 4611686019027979942       /nix/store/4nlgxhb09sdr51nc9hdm8az5b08vzkgx-glibc-2.35-163/lib/libpthread.so.0
7f26827dc000-7f26827dd000 r-xp 00001000 00:c64 4611686019027979942       /nix/store/4nlgxhb09sdr51nc9hdm8az5b08vzkgx-glibc-2.35-163/lib/libpthread.so.0
7f26827dd000-7f26827de000 r--p 00002000 00:c64 4611686019027979942       /nix/store/4nlgxhb09sdr51nc9hdm8az5b08vzkgx-glibc-2.35-163/lib/libpthread.so.0
7f26827de000-7f26827df000 r--p 00002000 00:c64 4611686019027979942       /nix/store/4nlgxhb09sdr51nc9hdm8az5b08vzkgx-glibc-2.35-163/lib/libpthread.so.0
7f26827df000-7f26827e0000 rw-p 00003000 00:c64 4611686019027979942       /nix/store/4nlgxhb09sdr51nc9hdm8az5b08vzkgx-glibc-2.35-163/lib/libpthread.so.0
7f26827e0000-7f26827ee000 r-xp 00000000 00:c64 4611686019135190033       /nix/store/gpxl5qgg8kicmcvivwmybwjlpf7wh20l-graalvm17-ce-22.3.0/lib/libjli.so
7f26827ee000-7f26827ef000 ---p 0000e000 00:c64 4611686019135190033       /nix/store/gpxl5qgg8kicmcvivwmybwjlpf7wh20l-graalvm17-ce-22.3.0/lib/libjli.so
7f26827ef000-7f26827f0000 r--p 0000e000 00:c64 4611686019135190033       /nix/store/gpxl5qgg8kicmcvivwmybwjlpf7wh20l-graalvm17-ce-22.3.0/lib/libjli.so
7f26827f0000-7f26827f1000 rw-p 0000f000 00:c64 4611686019135190033       /nix/store/gpxl5qgg8kicmcvivwmybwjlpf7wh20l-graalvm17-ce-22.3.0/lib/libjli.so
7f26827f1000-7f26827f2000 rw-p 00012000 00:c64 4611686019135190033       /nix/store/gpxl5qgg8kicmcvivwmybwjlpf7wh20l-graalvm17-ce-22.3.0/lib/libjli.so
7f26827f2000-7f26827f5000 r--p 00000000 00:c64 4611686019106210071       /nix/store/026hln0aq1hyshaxsdvhg0kmcm6yf45r-zlib-1.2.13/lib/libz.so.1.2.13
7f26827f5000-7f2682807000 r-xp 00003000 00:c64 4611686019106210071       /nix/store/026hln0aq1hyshaxsdvhg0kmcm6yf45r-zlib-1.2.13/lib/libz.so.1.2.13
7f2682807000-7f268280e000 r--p 00015000 00:c64 4611686019106210071       /nix/store/026hln0aq1hyshaxsdvhg0kmcm6yf45r-zlib-1.2.13/lib/libz.so.1.2.13
7f268280e000-7f268280f000 r--p 0001b000 00:c64 4611686019106210071       /nix/store/026hln0aq1hyshaxsdvhg0kmcm6yf45r-zlib-1.2.13/lib/libz.so.1.2.13
7f268280f000-7f2682810000 rw-p 0001c000 00:c64 4611686019106210071       /nix/store/026hln0aq1hyshaxsdvhg0kmcm6yf45r-zlib-1.2.13/lib/libz.so.1.2.13
7f2682810000-7f2682812000 rw-p 00000000 00:00 0 
7f2682812000-7f2682814000 r--p 00000000 00:c64 4611686019027979912       /nix/store/4nlgxhb09sdr51nc9hdm8az5b08vzkgx-glibc-2.35-163/lib/ld-linux-x86-64.so.2
7f2682814000-7f268283b000 r-xp 00002000 00:c64 4611686019027979912       /nix/store/4nlgxhb09sdr51nc9hdm8az5b08vzkgx-glibc-2.35-163/lib/ld-linux-x86-64.so.2
7f268283b000-7f2682847000 r--p 00029000 00:c64 4611686019027979912       /nix/store/4nlgxhb09sdr51nc9hdm8az5b08vzkgx-glibc-2.35-163/lib/ld-linux-x86-64.so.2
7f2682847000-7f2682849000 r--p 00034000 00:c64 4611686019027979912       /nix/store/4nlgxhb09sdr51nc9hdm8az5b08vzkgx-glibc-2.35-163/lib/ld-linux-x86-64.so.2
7f2682849000-7f268284b000 rw-p 00036000 00:c64 4611686019027979912       /nix/store/4nlgxhb09sdr51nc9hdm8az5b08vzkgx-glibc-2.35-163/lib/ld-linux-x86-64.so.2
7ffd05d39000-7ffd05d5d000 rw-p 00000000 00:00 0                          [stack]
7ffd05d72000-7ffd05d76000 r--p 00000000 00:00 0                          [vvar]
7ffd05d76000-7ffd05d78000 r-xp 00000000 00:00 0                          [vdso]
ffffffffff600000-ffffffffff601000 --xp 00000000 00:00 0                  [vsyscall]


VM Arguments:
jvm_args: -XX:ThreadPriorityPolicy=1 -XX:+UnlockExperimentalVMOptions -XX:+EnableJVMCIProduct -XX:JVMCIThreadsPerNativeLibraryRuntime=1 -XX:-UnlockExperimentalVMOptions -Declipse.application=org.eclipse.jdt.ls.core.id1 -Dosgi.bundles.defaultStartLevel=4 -Declipse.product=org.eclipse.jdt.ls.core.product -Dlog.level=ALL -Xverify:none -XX:+UseParallelGC -XX:GCTimeRatio=4 -XX:AdaptiveSizePolicyWeight=90 -Dsun.zip.disableMemoryMapping=true -Xmx512m -Xms100m 
java_command: /nix/store/m6gcpi1ii6rghy04cjwjddcavv7i90df-jdt-language-server-1.9.0/share/java/plugins/org.eclipse.equinox.launcher_1.6.400.v20210924-0641.jar --add-modules=ALL-SYSTEM --add-opens java.base/java.util=ALL-UNNAMED --add-opens java.base/java.lang=ALL-UNNAMED -configuration /home/runner/.cache/jdt-language-server/config -data /home/runner/.cache/jdt-language-server/data/home/runner/variables-prxisee
java_class_path (initial): /nix/store/m6gcpi1ii6rghy04cjwjddcavv7i90df-jdt-language-server-1.9.0/share/java/plugins/org.eclipse.equinox.launcher_1.6.400.v20210924-0641.jar
Launcher Type: SUN_STANDARD

[Global flags]
    uintx AdaptiveSizePolicyWeight                 = 90                                        {product} {command line}
     intx CICompilerCount                          = 2                                         {product} {ergonomic}
     bool EnableJVMCIProduct                       = true                                {JVMCI product} {jimage}
    uintx GCTimeRatio                              = 4                                         {product} {command line}
   size_t InitialHeapSize                          = 104857600                                 {product} {command line}
     uint JVMCIThreadsPerNativeLibraryRuntime      = 1                                   {JVMCI product} {jimage}
   size_t MaxHeapSize                              = 536870912                                 {product} {command line}
   size_t MaxNewSize                               = 178782208                                 {product} {ergonomic}
   size_t MinHeapDeltaBytes                        = 524288                                    {product} {ergonomic}
   size_t MinHeapSize                              = 104857600                                 {product} {command line}
   size_t NewSize                                  = 34603008                                  {product} {ergonomic}
    uintx NonNMethodCodeHeapSize                   = 5826188                                {pd product} {ergonomic}
    uintx NonProfiledCodeHeapSize                  = 122916026                              {pd product} {ergonomic}
   size_t OldSize                                  = 70254592                                  {product} {ergonomic}
    uintx ProfiledCodeHeapSize                     = 122916026                              {pd product} {ergonomic}
    uintx ReservedCodeCacheSize                    = 251658240                              {pd product} {ergonomic}
     bool SegmentedCodeCache                       = true                                      {product} {ergonomic}
   size_t SoftMaxHeapSize                          = 536870912                              {manageable} {ergonomic}
     intx ThreadPriorityPolicy                     = 1                                         {product} {jimage}
     bool UseCompressedClassPointers               = true                           {product lp64_product} {ergonomic}
     bool UseCompressedOops                        = true                           {product lp64_product} {ergonomic}
     bool UseParallelGC                            = true                                      {product} {command line}

Logging:
Log output configuration:
 #0: stdout all=warning uptime,level,tags
 #1: stderr all=off uptime,level,tags

Environment Variables:
JAVA_HOME=/nix/store/gpxl5qgg8kicmcvivwmybwjlpf7wh20l-graalvm17-ce-22.3.0
PATH=/nix/store/1d6ian3r8kdzspw8hacjhl3xkp40g1lj-binutils-wrapper-2.39/bin:/nix/store/dq0xwmsk1g0i2ayg6pb7y87na2knzylh-gcc-wrapper-11.3.0/bin:/nix/store/bap4d0lpcrhpwmpb8ayjcgkmvfj62lnq-bash-interactive-5.1-p16/bin:/nix/store/pr5n59mb4jzmfx6kanwxly0l07p861fg-patchelf-0.15.0/bin:/nix/store/1gf2flfqnpqbr1b4p4qz2f72y42bs56r-gcc-11.3.0/bin:/nix/store/57xv61c5zi8pphjbcwxxjlgc34p61ic9-glibc-2.35-163-bin/bin:/nix/store/a7gvj343m05j2s32xcnwr35v31ynlypr-coreutils-9.1/bin:/nix/store/039g378vc3pc3dvi9dzdlrd0i4q93qwf-binutils-2.39/bin:/nix/store/gpxl5qgg8kicmcvivwmybwjlpf7wh20l-graalvm17-ce-22.3.0/bin:/nix/store/6z9ag3ihc8mq2hzsw48lhbznvzny65nz-apache-maven-3.8.6/bin:/nix/store/m6gcpi1ii6rghy04cjwjddcavv7i90df-jdt-language-server-1.9.0/bin:/nix/store/84xs5alhs01zrbr4ywm05kxbjbp5590l-java-debug/bin:/nix/store/mydc6f4k2z73xlcz7ilif3v2lcaiqvza-findutils-4.9.0/bin:/nix/store/j9p3g8472iijd50vhdprx0nmk2fqn5gv-diffutils-3.8/bin:/nix/store/89zs7rms6x00xfq4dq6m7mjnhkr8a6r4-gnused-4.8/bin:/nix/store/86bp03jkmsl6f92w0yzg4s59g5mhxwmy-gnugrep-3.7/bin:/nix/store/hwcdqw4jrjnd37wxqgsd47hd0j8bnj09-gawk-5.1.1/bin:/nix/store/cfbhw8r8ags41vwqaz47r583d0p4h4a1-gnutar-1.34/bin:/nix/store/p3m1ndl1lapwrlh698bnb5lvvxh67378-gzip-1.12/bin:/nix/store/a8mhcagrsly7c7mpjrpsnaahk4aax056-bzip2-1.0.8-bin/bin:/nix/store/mblgz65m3zv9x548a3d5m96fj2pbwr09-gnumake-4.3/bin:/nix/store/dsd5gz46hdbdk2rfdimqddhq6m8m8fqs-bash-5.1-p16/bin:/nix/store/v7ljksji50mg3w61dykaa3n3y79n6nil-patch-2.7.6/bin:/nix/store/zlcnmqq14jz5x9439jf937mvayyl63da-xz-5.2.7-bin/bin:/nix/store/y6aj732zm9m87c82fpvf103a1xb22blp-file-5.43/bin:/nix/store/i4kzir3m7mrisxmf5xvlnkw01x4qaqr4-prybar-elisp-0.0.0-e0d9a52/bin:/nix/store/lwwivxf6h7x3cvxp9zv8sj0mv7dak99r-prybar-lua-0.0.0-e0d9a52/bin:/nix/store/gxj28g1cg4hq3qanmjv07156h800qr58-prybar-python3-0.0.0-e0d9a52/bin:/nix/store/hshkjnxrgidigf8x75vg6lqng2xlx9i3-prybar-sqlite-0.0.0-e0d9a52/bin:/nix/store/c4w01bpjgyy5ixmwdk8m1pw87zq4sl26-prybar-tcl-0.0.0-e0d9a52/bin:/nix/store/hpbvrlwd5viqmvcaisb3x0118i913a9n-st
LD_LIBRARY_PATH=/nix/store/a4pff549sk2idnkpzk5nsfps3mdkdnvm-cups-2.4.2-lib/lib:/nix/store/72mqxxhh3cy5yifh92wh2yb8cl2hikyy-cairo-1.16.0/lib:/nix/store/2k366jrbsra97gjfxwvrhvixjfxdach5-glib-2.74.1/lib:/nix/store/2j2znigd8ak37rlwh9khz0ry3clqlw1l-gtk+3-3.24.34/lib:/nix/store/hisqvx32cd57apbpcsnkpx6k3549wql1-libglvnd-1.4.0/lib:/nix/store/p36pgcv991mq5srvg765b78yqpxvk3qs-mesa-21.3.3-drivers/lib:/nix/store/mav4251if1ahjq5vkpwycyyvnmy459c4-pulseaudio-14.2/lib
DISPLAY=:0
LANG=en_US.UTF-8

Signal Handlers:
   SIGSEGV: crash_handler in libjvm.so, mask=11100100010111111101111111111110, flags=SA_RESTART|SA_SIGINFO
    SIGBUS: crash_handler in libjvm.so, mask=11100100010111111101111111111110, flags=SA_RESTART|SA_SIGINFO
    SIGFPE: crash_handler in libjvm.so, mask=11100100010111111101111111111110, flags=SA_RESTART|SA_SIGINFO
   SIGPIPE: IsolateEnterStub_IgnoreSIGPIPEStartupHook_noopSignalHandler_8f19bff2f35b5f630d83b364d6b2339320d4ec70_216e8361c6bc87a8f89f58cc10d3b2fd4415bf87 in libjvmcicompiler.so, mask=00000000000000000000000000000000, flags=SA_RESTART
  *** Handler was modified!
  *** Expected: javaSignalHandler in libjvm.so, mask=11100100110111111111111111111110, flags=SA_RESTART|SA_SIGINFO
   SIGXFSZ: javaSignalHandler in libjvm.so, mask=11100100010111111101111111111110, flags=SA_RESTART|SA_SIGINFO
    SIGILL: crash_handler in libjvm.so, mask=11100100010111111101111111111110, flags=SA_RESTART|SA_SIGINFO
   SIGUSR2: SR_handler in libjvm.so, mask=00000000000000000000000000000000, flags=SA_RESTART|SA_SIGINFO
    SIGHUP: UserHandler in libjvm.so, mask=11100100010111111101111111111110, flags=SA_RESTART|SA_SIGINFO
    SIGINT: UserHandler in libjvm.so, mask=11100100010111111101111111111110, flags=SA_RESTART|SA_SIGINFO
   SIGTERM: UserHandler in libjvm.so, mask=11100100010111111101111111111110, flags=SA_RESTART|SA_SIGINFO
   SIGQUIT: UserHandler in libjvm.so, mask=11100100010111111101111111111110, flags=SA_RESTART|SA_SIGINFO
  *** Handler was modified!
  *** Expected: javaSignalHandler in libjvm.so, mask=11100100110111111111111111111110, flags=SA_RESTART|SA_SIGINFO
   SIGTRAP: crash_handler in libjvm.so, mask=11100100010111111101111111111110, flags=SA_RESTART|SA_SIGINFO


---------------  S Y S T E M  ---------------

OS:
DISTRIB_ID=Ubuntu
DISTRIB_RELEASE=20.04
DISTRIB_CODENAME=focal
DISTRIB_DESCRIPTION="Ubuntu 20.04.2 LTS"
uname: Linux 5.19.0-1026-gcp #28~22.04.1-Ubuntu SMP Tue Jun 6 07:24:26 UTC 2023 x86_64
OS uptime: 0 days 2:15 hours
libc: glibc 2.35 NPTL 2.35 
rlimit (soft/hard): STACK 8192k/infinity , CORE infinity/infinity , NPROC infinity/infinity , NOFILE 5242/5242 , AS infinity/infinity , CPU infinity/infinity , DATA infinity/infinity , FSIZE infinity/infinity , MEMLOCK 8192k/8192k
load average: 8.31 10.64 11.70

/proc/meminfo:
MemTotal:       65839956 kB
MemFree:        28401928 kB
MemAvailable:   44061700 kB
Buffers:         1642916 kB
Cached:         13332984 kB
SwapCached:            0 kB
Active:          6275984 kB
Inactive:       27804608 kB
Active(anon):      13512 kB
Inactive(anon): 18929964 kB
Active(file):    6262472 kB
Inactive(file):  8874644 kB
Unevictable:       56956 kB
Mlocked:           56956 kB
SwapTotal:             0 kB
SwapFree:              0 kB
Zswap:                 0 kB
Zswapped:              0 kB
Dirty:              3108 kB
Writeback:             0 kB
AnonPages:      18666520 kB
Mapped:          1975952 kB
Shmem:            150296 kB
KReclaimable:    1249144 kB
Slab:            2271864 kB
SReclaimable:    1249144 kB
SUnreclaim:      1022720 kB
KernelStack:      433392 kB
PageTables:       193332 kB
NFS_Unstable:          0 kB
Bounce:                0 kB
WritebackTmp:          0 kB
CommitLimit:    32919976 kB
Committed_AS:   59901836 kB
VmallocTotal:   34359738367 kB
VmallocUsed:      469504 kB
VmallocChunk:          0 kB
Percpu:            50848 kB
HardwareCorrupted:     0 kB
AnonHugePages:   4583424 kB
ShmemHugePages:        0 kB
ShmemPmdMapped:        0 kB
FileHugePages:         0 kB
FilePmdMapped:         0 kB
HugePages_Total:       0
HugePages_Free:        0
HugePages_Rsvd:        0
HugePages_Surp:        0
Hugepagesize:       2048 kB
Hugetlb:               0 kB
DirectMap4k:     3517240 kB
DirectMap2M:    39471104 kB
DirectMap1G:    26214400 kB

/sys/kernel/mm/transparent_hugepage/enabled: always [madvise] never
/sys/kernel/mm/transparent_hugepage/defrag (defrag/compaction efforts parameter): always defer defer+madvise [madvise] never

Process Memory:
Virtual Size: 4721752K (peak: 4808508K)
Resident Set Size: 771952K (peak: 807224K) (anon: 577912K, file: 194040K, shmem: 0K)
Swapped out: 0K
C-Heap outstanding allocations: 43565K, retained: 10850K
glibc malloc tunables: (default)

/proc/sys/kernel/threads-max (system-wide limit on the number of threads): 514310
/proc/sys/vm/max_map_count (maximum number of memory map areas a process may have): 65530
/proc/sys/kernel/pid_max (system-wide limit on number of process identifiers): 4194304

container (cgroup) information:
container_type: cgroupv1
cpu_cpuset_cpus: 2-7
cpu_memory_nodes: 0
active_processor_count: 1
cpu_quota: 50000
cpu_period: 100000
cpu_shares: 512
memory_limit_in_bytes: 1048576 k
memory_and_swap_limit_in_bytes: 1048576 k
memory_soft_limit_in_bytes: 524288 k
memory_usage_in_bytes: 628808 k
memory_max_usage_in_bytes: 687244 k
maximum number of tasks: 1000
current number of tasks: 47

KVM virtualization detected
Steal ticks since vm start: 0
Steal ticks percentage since vm start:  0.000

CPU: total 8 (initial active 1) (8 cores per cpu, 2 threads per core) family 23 model 49 stepping 0 microcode 0xffffffff, cx8, cmov, fxsr, ht, mmx, 3dnowpref, sse, sse2, sse3, ssse3, sse4a, sse4.1, sse4.2, popcnt, lzcnt, tsc, tscinvbit, avx, avx2, aes, clmul, bmi1, bmi2, adx, sha, fma, vzeroupper, clflush, clflushopt, hv
CPU Model and flags from /proc/cpuinfo:
model name	: AMD EPYC 7B12
flags		: fpu vme de pse tsc msr pae mce cx8 apic sep mtrr pge mca cmov pat pse36 clflush mmx fxsr sse sse2 ht syscall nx mmxext fxsr_opt pdpe1gb rdtscp lm constant_tsc rep_good nopl nonstop_tsc cpuid extd_apicid tsc_known_freq pni pclmulqdq ssse3 fma cx16 sse4_1 sse4_2 movbe popcnt aes xsave avx f16c rdrand hypervisor lahf_lm cmp_legacy cr8_legacy abm sse4a misalignsse 3dnowprefetch osvw topoext ssbd ibrs ibpb stibp vmmcall fsgsbase tsc_adjust bmi1 avx2 smep bmi2 rdseed adx smap clflushopt clwb sha_ni xsaveopt xsavec xgetbv1 clzero xsaveerptr arat npt nrip_save umip rdpid

Online cpus: 0-7
Offline cpus: 
BIOS frequency limitation: <Not Available>
Frequency switch latency (ns): <Not Available>
Available cpu frequencies: <Not Available>
Current governor: <Not Available>
Core performance/turbo boost: <Not Available>

Memory: 4k page, physical 1048576k(419760k free), swap 0k(0k free)
Page Sizes: 4k

vm_info: OpenJDK 64-Bit Server VM (17.0.5+8-jvmci-22.3-b08) for linux-amd64 JRE (17.0.5+8-jvmci-22.3-b08), built on Oct 19 2022 09:01:27 by "buildslave" with gcc 10.3.0

END.
